Tue Oct 30 18:00:16 2018
Number of models: 78


Completed 100.00% at Tue Oct 30 18:00:16 2018

1    [5_3]         TrainErr: 42.34  Avg Balanced Acc: 50.62  Avg Pred Err: 49.38 
2    [11]          TrainErr: 45.31  Avg Balanced Acc: 51.62  Avg Pred Err: 48.38 
3    [7]           TrainErr: 47.50  Avg Balanced Acc: 44.12  Avg Pred Err: 55.88 
4    [3]           TrainErr: 46.25  Avg Balanced Acc: 53.12  Avg Pred Err: 46.88 
5    [1]           TrainErr: 46.56  Avg Balanced Acc: 50.62  Avg Pred Err: 49.38 
6    [11_2]        TrainErr: 40.78  Avg Balanced Acc: 54.00  Avg Pred Err: 46.00 
7    [12_4]        TrainErr: 42.50  Avg Balanced Acc: 51.12  Avg Pred Err: 48.88 
8    [4]           TrainErr: 45.47  Avg Balanced Acc: 51.00  Avg Pred Err: 49.00 
9    [8]           TrainErr: 45.78  Avg Balanced Acc: 51.25  Avg Pred Err: 48.75 
10   [11]          TrainErr: 45.16  Avg Balanced Acc: 54.75  Avg Pred Err: 45.25 
11   [2]           TrainErr: 45.31  Avg Balanced Acc: 52.25  Avg Pred Err: 47.75 
12   [6]           TrainErr: 46.72  Avg Balanced Acc: 47.62  Avg Pred Err: 52.38 
13   [4]           TrainErr: 45.16  Avg Balanced Acc: 52.12  Avg Pred Err: 47.88 
14   [4]           TrainErr: 45.47  Avg Balanced Acc: 54.25  Avg Pred Err: 45.75 
15   [12]          TrainErr: 43.59  Avg Balanced Acc: 53.75  Avg Pred Err: 46.25 
16   [8]           TrainErr: 44.69  Avg Balanced Acc: 52.62  Avg Pred Err: 47.38 
17   [2]           TrainErr: 46.72  Avg Balanced Acc: 51.12  Avg Pred Err: 48.88 
18   [10]          TrainErr: 46.41  Avg Balanced Acc: 51.12  Avg Pred Err: 48.88 
19   [9_3]         TrainErr: 43.44  Avg Balanced Acc: 49.75  Avg Pred Err: 50.25 
20   [5]           TrainErr: 45.16  Avg Balanced Acc: 49.62  Avg Pred Err: 50.38 
21   [3]           TrainErr: 44.53  Avg Balanced Acc: 48.75  Avg Pred Err: 51.25 
22   [10]          TrainErr: 45.62  Avg Balanced Acc: 48.25  Avg Pred Err: 51.75 
23   [2]           TrainErr: 44.53  Avg Balanced Acc: 50.12  Avg Pred Err: 49.88 
24   [4]           TrainErr: 45.94  Avg Balanced Acc: 48.62  Avg Pred Err: 51.38 
25   [10_4]        TrainErr: 43.28  Avg Balanced Acc: 52.12  Avg Pred Err: 47.88 
26   [3_2]         TrainErr: 41.56  Avg Balanced Acc: 54.38  Avg Pred Err: 45.62 
27   [7]           TrainErr: 45.94  Avg Balanced Acc: 50.50  Avg Pred Err: 49.50 
28   [11]          TrainErr: 45.00  Avg Balanced Acc: 50.12  Avg Pred Err: 49.88 
29   [11]          TrainErr: 45.78  Avg Balanced Acc: 51.75  Avg Pred Err: 48.25 
30   [11]          TrainErr: 45.78  Avg Balanced Acc: 53.00  Avg Pred Err: 47.00 
31   [11]          TrainErr: 45.16  Avg Balanced Acc: 49.88  Avg Pred Err: 50.12 
32   [7]           TrainErr: 45.00  Avg Balanced Acc: 52.12  Avg Pred Err: 47.88 
33   [10_7]        TrainErr: 43.75  Avg Balanced Acc: 49.38  Avg Pred Err: 50.62 
34   [5_1]         TrainErr: 42.34  Avg Balanced Acc: 50.12  Avg Pred Err: 49.88 
35   [10]          TrainErr: 44.38  Avg Balanced Acc: 54.38  Avg Pred Err: 45.62 
36   [7]           TrainErr: 45.47  Avg Balanced Acc: 51.50  Avg Pred Err: 48.50 
37   [4]           TrainErr: 42.81  Avg Balanced Acc: 50.25  Avg Pred Err: 49.75 
38   [9]           TrainErr: 46.09  Avg Balanced Acc: 50.25  Avg Pred Err: 49.75 
39   [4_3]         TrainErr: 43.12  Avg Balanced Acc: 49.00  Avg Pred Err: 51.00 
40   [12_5]        TrainErr: 44.06  Avg Balanced Acc: 49.00  Avg Pred Err: 51.00 
41   [12]          TrainErr: 45.78  Avg Balanced Acc: 53.88  Avg Pred Err: 46.12 
42   [10_3]        TrainErr: 42.81  Avg Balanced Acc: 54.25  Avg Pred Err: 45.75 
43   [9]           TrainErr: 45.94  Avg Balanced Acc: 49.38  Avg Pred Err: 50.62 
44   [9_1]         TrainErr: 42.19  Avg Balanced Acc: 55.50  Avg Pred Err: 44.50 
45   [3]           TrainErr: 45.94  Avg Balanced Acc: 50.00  Avg Pred Err: 50.00 
46   [8]           TrainErr: 46.88  Avg Balanced Acc: 50.38  Avg Pred Err: 49.62 
47   [5]           TrainErr: 44.69  Avg Balanced Acc: 52.75  Avg Pred Err: 47.25 
48   [7_2]         TrainErr: 43.75  Avg Balanced Acc: 47.25  Avg Pred Err: 52.75 
49   [10_1]        TrainErr: 42.81  Avg Balanced Acc: 48.38  Avg Pred Err: 51.62 
50   [7]           TrainErr: 45.16  Avg Balanced Acc: 51.75  Avg Pred Err: 48.25 
51   [5]           TrainErr: 46.09  Avg Balanced Acc: 50.50  Avg Pred Err: 49.50 
52   [5_2]         TrainErr: 43.44  Avg Balanced Acc: 49.62  Avg Pred Err: 50.38 
53   [1]           TrainErr: 44.06  Avg Balanced Acc: 52.00  Avg Pred Err: 48.00 
54   [4]           TrainErr: 44.06  Avg Balanced Acc: 50.50  Avg Pred Err: 49.50 
55   [6]           TrainErr: 46.41  Avg Balanced Acc: 50.88  Avg Pred Err: 49.12 
56   [7]           TrainErr: 45.16  Avg Balanced Acc: 50.75  Avg Pred Err: 49.25 
57   [2]           TrainErr: 45.62  Avg Balanced Acc: 54.62  Avg Pred Err: 45.38 
58   [7]           TrainErr: 43.91  Avg Balanced Acc: 55.50  Avg Pred Err: 44.50 
59   [9]           TrainErr: 45.00  Avg Balanced Acc: 53.00  Avg Pred Err: 47.00 
60   [5]           TrainErr: 47.19  Avg Balanced Acc: 48.38  Avg Pred Err: 51.62 
61   [6]           TrainErr: 45.62  Avg Balanced Acc: 49.62  Avg Pred Err: 50.38 
62   [9_7]         TrainErr: 43.44  Avg Balanced Acc: 54.88  Avg Pred Err: 45.12 
63   [8_6]         TrainErr: 42.50  Avg Balanced Acc: 53.88  Avg Pred Err: 46.12 
64   [8]           TrainErr: 45.31  Avg Balanced Acc: 52.00  Avg Pred Err: 48.00 
65   [12_11]       TrainErr: 43.44  Avg Balanced Acc: 52.25  Avg Pred Err: 47.75 
66   [7]           TrainErr: 45.94  Avg Balanced Acc: 51.00  Avg Pred Err: 49.00 
67   [8_3]         TrainErr: 44.22  Avg Balanced Acc: 49.75  Avg Pred Err: 50.25 
68   [7]           TrainErr: 45.94  Avg Balanced Acc: 50.25  Avg Pred Err: 49.75 
69   [4]           TrainErr: 45.94  Avg Balanced Acc: 48.75  Avg Pred Err: 51.25 
70   [8]           TrainErr: 45.47  Avg Balanced Acc: 52.12  Avg Pred Err: 47.88 
71   [12]          TrainErr: 44.84  Avg Balanced Acc: 52.38  Avg Pred Err: 47.62 
72   [12_11]       TrainErr: 42.97  Avg Balanced Acc: 53.25  Avg Pred Err: 46.75 
73   [8]           TrainErr: 45.78  Avg Balanced Acc: 53.25  Avg Pred Err: 46.75 
74   [11]          TrainErr: 45.94  Avg Balanced Acc: 49.75  Avg Pred Err: 50.25 
75   [5_1]         TrainErr: 43.28  Avg Balanced Acc: 47.75  Avg Pred Err: 52.25 
76   [6]           TrainErr: 47.34  Avg Balanced Acc: 47.38  Avg Pred Err: 52.62 
77   [9]           TrainErr: 47.19  Avg Balanced Acc: 51.12  Avg Pred Err: 48.88 
78   [11]          TrainErr: 45.94  Avg Balanced Acc: 52.62  Avg Pred Err: 47.38 
79   [4]           TrainErr: 45.78  Avg Balanced Acc: 50.75  Avg Pred Err: 49.25 
80   [2]           TrainErr: 46.09  Avg Balanced Acc: 49.38  Avg Pred Err: 50.62 
81   [12_10]       TrainErr: 43.12  Avg Balanced Acc: 50.25  Avg Pred Err: 49.75 
82   [10_8]        TrainErr: 41.72  Avg Balanced Acc: 51.00  Avg Pred Err: 49.00 
83   [1]           TrainErr: 46.41  Avg Balanced Acc: 52.75  Avg Pred Err: 47.25 
84   [8]           TrainErr: 43.12  Avg Balanced Acc: 48.38  Avg Pred Err: 51.62 
85   [10]          TrainErr: 43.59  Avg Balanced Acc: 51.62  Avg Pred Err: 48.38 
86   [8]           TrainErr: 45.62  Avg Balanced Acc: 49.88  Avg Pred Err: 50.12 
87   [8]           TrainErr: 46.41  Avg Balanced Acc: 50.88  Avg Pred Err: 49.12 
88   [7]           TrainErr: 45.00  Avg Balanced Acc: 51.62  Avg Pred Err: 48.38 
89   [11]          TrainErr: 46.25  Avg Balanced Acc: 50.12  Avg Pred Err: 49.88 
90   [7_3]         TrainErr: 42.50  Avg Balanced Acc: 50.62  Avg Pred Err: 49.38 
91   [9]           TrainErr: 44.69  Avg Balanced Acc: 55.75  Avg Pred Err: 44.25 
92   [5]           TrainErr: 46.09  Avg Balanced Acc: 50.38  Avg Pred Err: 49.62 
93   [4]           TrainErr: 45.47  Avg Balanced Acc: 49.25  Avg Pred Err: 50.75 
94   [3]           TrainErr: 45.47  Avg Balanced Acc: 46.25  Avg Pred Err: 53.75 
95   [1]           TrainErr: 47.50  Avg Balanced Acc: 51.25  Avg Pred Err: 48.75 
96   [2]           TrainErr: 45.94  Avg Balanced Acc: 50.00  Avg Pred Err: 50.00 
97   [4]           TrainErr: 45.31  Avg Balanced Acc: 50.88  Avg Pred Err: 49.12 
98   [1]           TrainErr: 45.16  Avg Balanced Acc: 51.38  Avg Pred Err: 48.62 
99   [1]           TrainErr: 45.78  Avg Balanced Acc: 51.50  Avg Pred Err: 48.50 
100  [10_3]        TrainErr: 40.78  Avg Balanced Acc: 52.38  Avg Pred Err: 47.62 
101  [9]           TrainErr: 46.09  Avg Balanced Acc: 49.12  Avg Pred Err: 50.88 
102  [7_2]         TrainErr: 42.97  Avg Balanced Acc: 51.38  Avg Pred Err: 48.62 
103  [10_6]        TrainErr: 41.72  Avg Balanced Acc: 51.62  Avg Pred Err: 48.38 
104  [11]          TrainErr: 46.88  Avg Balanced Acc: 52.25  Avg Pred Err: 47.75 
105  [3]           TrainErr: 44.53  Avg Balanced Acc: 53.75  Avg Pred Err: 46.25 
106  [3_2]         TrainErr: 42.81  Avg Balanced Acc: 47.75  Avg Pred Err: 52.25 
107  [6_2]         TrainErr: 41.72  Avg Balanced Acc: 53.38  Avg Pred Err: 46.62 
108  [5]           TrainErr: 43.75  Avg Balanced Acc: 52.62  Avg Pred Err: 47.38 
109  [10]          TrainErr: 45.94  Avg Balanced Acc: 50.00  Avg Pred Err: 50.00 
110  [7]           TrainErr: 45.47  Avg Balanced Acc: 48.25  Avg Pred Err: 51.75 
111  [11]          TrainErr: 44.22  Avg Balanced Acc: 50.25  Avg Pred Err: 49.75 
112  [11_8]        TrainErr: 42.19  Avg Balanced Acc: 51.50  Avg Pred Err: 48.50 
113  [2]           TrainErr: 46.41  Avg Balanced Acc: 48.50  Avg Pred Err: 51.50 
114  [5]           TrainErr: 44.84  Avg Balanced Acc: 48.62  Avg Pred Err: 51.38 
115  [2_1]         TrainErr: 43.12  Avg Balanced Acc: 49.38  Avg Pred Err: 50.62 
116  [11]          TrainErr: 45.31  Avg Balanced Acc: 51.38  Avg Pred Err: 48.62 
117  [11]          TrainErr: 45.31  Avg Balanced Acc: 49.38  Avg Pred Err: 50.62 
118  [9]           TrainErr: 45.16  Avg Balanced Acc: 47.25  Avg Pred Err: 52.75 
119  [5_1]         TrainErr: 42.50  Avg Balanced Acc: 51.38  Avg Pred Err: 48.62 
120  [2]           TrainErr: 45.78  Avg Balanced Acc: 51.50  Avg Pred Err: 48.50 
121  [10]          TrainErr: 42.97  Avg Balanced Acc: 56.75  Avg Pred Err: 43.25 
122  [7]           TrainErr: 46.25  Avg Balanced Acc: 51.00  Avg Pred Err: 49.00 
123  [7_2]         TrainErr: 43.12  Avg Balanced Acc: 50.88  Avg Pred Err: 49.12 
124  [8_5]         TrainErr: 42.81  Avg Balanced Acc: 49.50  Avg Pred Err: 50.50 
125  [4_2]         TrainErr: 43.59  Avg Balanced Acc: 52.25  Avg Pred Err: 47.75 
126  [11_3]        TrainErr: 43.44  Avg Balanced Acc: 52.50  Avg Pred Err: 47.50 
127  [5_4]         TrainErr: 41.09  Avg Balanced Acc: 52.75  Avg Pred Err: 47.25 
128  [11]          TrainErr: 46.25  Avg Balanced Acc: 49.50  Avg Pred Err: 50.50 
129  [9]           TrainErr: 46.56  Avg Balanced Acc: 49.75  Avg Pred Err: 50.25 
130  [6_4]         TrainErr: 42.50  Avg Balanced Acc: 51.75  Avg Pred Err: 48.25 
131  [9_8]         TrainErr: 43.59  Avg Balanced Acc: 49.75  Avg Pred Err: 50.25 
132  [8_1]         TrainErr: 43.91  Avg Balanced Acc: 52.00  Avg Pred Err: 48.00 
133  [9]           TrainErr: 44.38  Avg Balanced Acc: 55.88  Avg Pred Err: 44.12 
134  [1]           TrainErr: 44.84  Avg Balanced Acc: 51.12  Avg Pred Err: 48.88 
135  [6]           TrainErr: 45.62  Avg Balanced Acc: 51.50  Avg Pred Err: 48.50 
136  [8_1]         TrainErr: 42.81  Avg Balanced Acc: 54.12  Avg Pred Err: 45.88 
137  [7]           TrainErr: 45.16  Avg Balanced Acc: 52.62  Avg Pred Err: 47.38 
138  [10_5]        TrainErr: 43.12  Avg Balanced Acc: 52.50  Avg Pred Err: 47.50 
139  [5]           TrainErr: 46.09  Avg Balanced Acc: 49.38  Avg Pred Err: 50.62 
140  [11]          TrainErr: 46.56  Avg Balanced Acc: 49.25  Avg Pred Err: 50.75 
141  [4]           TrainErr: 47.19  Avg Balanced Acc: 50.62  Avg Pred Err: 49.38 
142  [1]           TrainErr: 44.38  Avg Balanced Acc: 54.88  Avg Pred Err: 45.12 
143  [12]          TrainErr: 44.38  Avg Balanced Acc: 50.50  Avg Pred Err: 49.50 
144  [4]           TrainErr: 45.47  Avg Balanced Acc: 50.12  Avg Pred Err: 49.88 
145  [9_2]         TrainErr: 42.50  Avg Balanced Acc: 52.75  Avg Pred Err: 47.25 
146  [6_1]         TrainErr: 44.69  Avg Balanced Acc: 51.75  Avg Pred Err: 48.25 
147  [1]           TrainErr: 45.00  Avg Balanced Acc: 52.25  Avg Pred Err: 47.75 
148  [12]          TrainErr: 47.34  Avg Balanced Acc: 50.50  Avg Pred Err: 49.50 
149  [7]           TrainErr: 45.78  Avg Balanced Acc: 54.38  Avg Pred Err: 45.62 
150  [9_4]         TrainErr: 43.12  Avg Balanced Acc: 54.38  Avg Pred Err: 45.62 
151  [9_3]         TrainErr: 43.28  Avg Balanced Acc: 57.12  Avg Pred Err: 42.88 
152  [7]           TrainErr: 46.25  Avg Balanced Acc: 48.88  Avg Pred Err: 51.12 
153  [10_6]        TrainErr: 43.75  Avg Balanced Acc: 49.88  Avg Pred Err: 50.12 
154  [10_4]        TrainErr: 43.12  Avg Balanced Acc: 50.75  Avg Pred Err: 49.25 
155  [5_1]         TrainErr: 43.12  Avg Balanced Acc: 52.50  Avg Pred Err: 47.50 
156  [10]          TrainErr: 45.94  Avg Balanced Acc: 50.12  Avg Pred Err: 49.88 
157  [1]           TrainErr: 46.72  Avg Balanced Acc: 47.50  Avg Pred Err: 52.50 
158  [6]           TrainErr: 45.94  Avg Balanced Acc: 52.62  Avg Pred Err: 47.38 
159  [9_2]         TrainErr: 42.34  Avg Balanced Acc: 51.88  Avg Pred Err: 48.12 
160  [8]           TrainErr: 43.75  Avg Balanced Acc: 51.50  Avg Pred Err: 48.50 
161  [1]           TrainErr: 45.00  Avg Balanced Acc: 47.25  Avg Pred Err: 52.75 
162  [8_2]         TrainErr: 42.50  Avg Balanced Acc: 51.62  Avg Pred Err: 48.38 
163  [12_2]        TrainErr: 43.59  Avg Balanced Acc: 48.62  Avg Pred Err: 51.38 
164  [9]           TrainErr: 45.47  Avg Balanced Acc: 49.50  Avg Pred Err: 50.50 
165  [6_5]         TrainErr: 42.81  Avg Balanced Acc: 52.38  Avg Pred Err: 47.62 
166  [2]           TrainErr: 45.16  Avg Balanced Acc: 53.00  Avg Pred Err: 47.00 
167  [11_8]        TrainErr: 41.72  Avg Balanced Acc: 51.62  Avg Pred Err: 48.38 
168  [11_10]       TrainErr: 43.44  Avg Balanced Acc: 49.88  Avg Pred Err: 50.12 
169  [6_1]         TrainErr: 40.62  Avg Balanced Acc: 51.00  Avg Pred Err: 49.00 
170  [1]           TrainErr: 45.31  Avg Balanced Acc: 50.50  Avg Pred Err: 49.50 
171  [7]           TrainErr: 46.88  Avg Balanced Acc: 51.38  Avg Pred Err: 48.62 
172  [4]           TrainErr: 45.62  Avg Balanced Acc: 49.88  Avg Pred Err: 50.12 
173  [10]          TrainErr: 46.88  Avg Balanced Acc: 49.50  Avg Pred Err: 50.50 
174  [6]           TrainErr: 46.88  Avg Balanced Acc: 49.50  Avg Pred Err: 50.50 
175  [2_1]         TrainErr: 42.34  Avg Balanced Acc: 52.00  Avg Pred Err: 48.00 
176  [11]          TrainErr: 44.69  Avg Balanced Acc: 51.75  Avg Pred Err: 48.25 
177  [2]           TrainErr: 45.31  Avg Balanced Acc: 50.25  Avg Pred Err: 49.75 
178  [5]           TrainErr: 45.00  Avg Balanced Acc: 48.12  Avg Pred Err: 51.88 
179  [5]           TrainErr: 45.62  Avg Balanced Acc: 54.75  Avg Pred Err: 45.25 
180  [11_8]        TrainErr: 43.12  Avg Balanced Acc: 49.25  Avg Pred Err: 50.75 
181  [12_9]        TrainErr: 43.59  Avg Balanced Acc: 48.62  Avg Pred Err: 51.38 
182  [5]           TrainErr: 47.19  Avg Balanced Acc: 53.50  Avg Pred Err: 46.50 
183  [8]           TrainErr: 42.81  Avg Balanced Acc: 54.62  Avg Pred Err: 45.38 
184  [10_1]        TrainErr: 42.03  Avg Balanced Acc: 50.75  Avg Pred Err: 49.25 
185  [11_7]        TrainErr: 43.59  Avg Balanced Acc: 54.25  Avg Pred Err: 45.75 
186  [2]           TrainErr: 43.44  Avg Balanced Acc: 56.12  Avg Pred Err: 43.88 
187  [3]           TrainErr: 45.94  Avg Balanced Acc: 50.00  Avg Pred Err: 50.00 
188  [7]           TrainErr: 46.72  Avg Balanced Acc: 47.12  Avg Pred Err: 52.88 
189  [10_4]        TrainErr: 42.97  Avg Balanced Acc: 53.25  Avg Pred Err: 46.75 
190  [8]           TrainErr: 46.41  Avg Balanced Acc: 53.62  Avg Pred Err: 46.38 
191  [10]          TrainErr: 44.69  Avg Balanced Acc: 53.88  Avg Pred Err: 46.12 
192  [3]           TrainErr: 45.00  Avg Balanced Acc: 52.88  Avg Pred Err: 47.12 
193  [2]           TrainErr: 46.09  Avg Balanced Acc: 51.50  Avg Pred Err: 48.50 
194  [9]           TrainErr: 47.03  Avg Balanced Acc: 47.00  Avg Pred Err: 53.00 
195  [3]           TrainErr: 45.94  Avg Balanced Acc: 49.88  Avg Pred Err: 50.12 
196  [11_10]       TrainErr: 43.75  Avg Balanced Acc: 51.00  Avg Pred Err: 49.00 
197  [1]           TrainErr: 46.25  Avg Balanced Acc: 49.12  Avg Pred Err: 50.88 
198  [7_3]         TrainErr: 42.66  Avg Balanced Acc: 52.25  Avg Pred Err: 47.75 
199  [9_2]         TrainErr: 43.59  Avg Balanced Acc: 48.12  Avg Pred Err: 51.88 
200  [11_8]        TrainErr: 43.12  Avg Balanced Acc: 49.75  Avg Pred Err: 50.25 
201  [4]           TrainErr: 44.84  Avg Balanced Acc: 49.50  Avg Pred Err: 50.50 
202  [4]           TrainErr: 45.78  Avg Balanced Acc: 51.75  Avg Pred Err: 48.25 
203  [2]           TrainErr: 45.62  Avg Balanced Acc: 49.25  Avg Pred Err: 50.75 
204  [12_4]        TrainErr: 41.72  Avg Balanced Acc: 54.38  Avg Pred Err: 45.62 
205  [5]           TrainErr: 43.28  Avg Balanced Acc: 53.75  Avg Pred Err: 46.25 
206  [12_2]        TrainErr: 43.12  Avg Balanced Acc: 52.00  Avg Pred Err: 48.00 
207  [3]           TrainErr: 47.03  Avg Balanced Acc: 49.62  Avg Pred Err: 50.38 
208  [10_4]        TrainErr: 41.09  Avg Balanced Acc: 48.88  Avg Pred Err: 51.12 
209  [12_1]        TrainErr: 43.59  Avg Balanced Acc: 49.12  Avg Pred Err: 50.88 
210  [8_7]         TrainErr: 43.75  Avg Balanced Acc: 49.00  Avg Pred Err: 51.00 
211  [1]           TrainErr: 45.94  Avg Balanced Acc: 49.50  Avg Pred Err: 50.50 
212  [2]           TrainErr: 45.94  Avg Balanced Acc: 48.38  Avg Pred Err: 51.62 
213  [4]           TrainErr: 47.19  Avg Balanced Acc: 51.25  Avg Pred Err: 48.75 
214  [12]          TrainErr: 43.91  Avg Balanced Acc: 49.12  Avg Pred Err: 50.88 
215  [4_2]         TrainErr: 43.59  Avg Balanced Acc: 49.75  Avg Pred Err: 50.25 
216  [6_5]         TrainErr: 42.81  Avg Balanced Acc: 50.12  Avg Pred Err: 49.88 
217  [11_10]       TrainErr: 41.88  Avg Balanced Acc: 53.12  Avg Pred Err: 46.88 
218  [4]           TrainErr: 44.84  Avg Balanced Acc: 49.00  Avg Pred Err: 51.00 
219  [2]           TrainErr: 46.41  Avg Balanced Acc: 52.75  Avg Pred Err: 47.25 
220  [4]           TrainErr: 44.53  Avg Balanced Acc: 48.12  Avg Pred Err: 51.88 
221  [4]           TrainErr: 46.72  Avg Balanced Acc: 51.12  Avg Pred Err: 48.88 
222  [8]           TrainErr: 45.78  Avg Balanced Acc: 49.88  Avg Pred Err: 50.12 
223  [10_5]        TrainErr: 42.66  Avg Balanced Acc: 57.75  Avg Pred Err: 42.25 
224  [3]           TrainErr: 45.94  Avg Balanced Acc: 50.50  Avg Pred Err: 49.50 
225  [10]          TrainErr: 44.38  Avg Balanced Acc: 56.25  Avg Pred Err: 43.75 
226  [10_9]        TrainErr: 42.81  Avg Balanced Acc: 50.88  Avg Pred Err: 49.12 
227  [7_1]         TrainErr: 43.44  Avg Balanced Acc: 47.25  Avg Pred Err: 52.75 
228  [12]          TrainErr: 45.16  Avg Balanced Acc: 49.50  Avg Pred Err: 50.50 
229  [5_1]         TrainErr: 43.44  Avg Balanced Acc: 50.50  Avg Pred Err: 49.50 
230  [2]           TrainErr: 44.53  Avg Balanced Acc: 49.75  Avg Pred Err: 50.25 
231  [6]           TrainErr: 44.38  Avg Balanced Acc: 51.75  Avg Pred Err: 48.25 
232  [5]           TrainErr: 45.16  Avg Balanced Acc: 54.50  Avg Pred Err: 45.50 
233  [2]           TrainErr: 44.69  Avg Balanced Acc: 53.62  Avg Pred Err: 46.38 
234  [7_5]         TrainErr: 42.97  Avg Balanced Acc: 52.62  Avg Pred Err: 47.38 
235  [4]           TrainErr: 45.16  Avg Balanced Acc: 49.50  Avg Pred Err: 50.50 
236  [7_4]         TrainErr: 43.91  Avg Balanced Acc: 50.25  Avg Pred Err: 49.75 
237  [7_6]         TrainErr: 42.50  Avg Balanced Acc: 47.75  Avg Pred Err: 52.25 
238  [11_6]        TrainErr: 43.28  Avg Balanced Acc: 48.25  Avg Pred Err: 51.75 
239  [5]           TrainErr: 46.09  Avg Balanced Acc: 50.62  Avg Pred Err: 49.38 
240  [5]           TrainErr: 45.00  Avg Balanced Acc: 52.75  Avg Pred Err: 47.25 
241  [7]           TrainErr: 46.41  Avg Balanced Acc: 48.62  Avg Pred Err: 51.38 
242  [5]           TrainErr: 45.78  Avg Balanced Acc: 50.50  Avg Pred Err: 49.50 
243  [7]           TrainErr: 46.09  Avg Balanced Acc: 47.75  Avg Pred Err: 52.25 
244  [9]           TrainErr: 46.09  Avg Balanced Acc: 49.75  Avg Pred Err: 50.25 
245  [12]          TrainErr: 45.94  Avg Balanced Acc: 54.25  Avg Pred Err: 45.75 
246  [2]           TrainErr: 44.06  Avg Balanced Acc: 50.38  Avg Pred Err: 49.62 
247  [7]           TrainErr: 45.62  Avg Balanced Acc: 48.88  Avg Pred Err: 51.12 
248  [10_5]        TrainErr: 42.97  Avg Balanced Acc: 52.50  Avg Pred Err: 47.50 
249  [5]           TrainErr: 46.41  Avg Balanced Acc: 47.12  Avg Pred Err: 52.88 
250  [7]           TrainErr: 45.31  Avg Balanced Acc: 52.25  Avg Pred Err: 47.75 
251  [3]           TrainErr: 46.41  Avg Balanced Acc: 48.88  Avg Pred Err: 51.12 
252  [9_8]         TrainErr: 43.44  Avg Balanced Acc: 51.00  Avg Pred Err: 49.00 
253  [8]           TrainErr: 45.94  Avg Balanced Acc: 50.75  Avg Pred Err: 49.25 
254  [4]           TrainErr: 46.25  Avg Balanced Acc: 54.25  Avg Pred Err: 45.75 
255  [8]           TrainErr: 44.53  Avg Balanced Acc: 51.50  Avg Pred Err: 48.50 
256  [7]           TrainErr: 46.56  Avg Balanced Acc: 48.12  Avg Pred Err: 51.88 
257  [7]           TrainErr: 46.41  Avg Balanced Acc: 46.75  Avg Pred Err: 53.25 
258  [1]           TrainErr: 44.69  Avg Balanced Acc: 49.50  Avg Pred Err: 50.50 
259  [10_1]        TrainErr: 41.41  Avg Balanced Acc: 51.62  Avg Pred Err: 48.38 
260  [5]           TrainErr: 45.47  Avg Balanced Acc: 49.38  Avg Pred Err: 50.62 
261  [5]           TrainErr: 45.16  Avg Balanced Acc: 49.88  Avg Pred Err: 50.12 
262  [12]          TrainErr: 46.25  Avg Balanced Acc: 50.00  Avg Pred Err: 50.00 
263  [8]           TrainErr: 46.72  Avg Balanced Acc: 49.12  Avg Pred Err: 50.88 
264  [9]           TrainErr: 46.25  Avg Balanced Acc: 51.88  Avg Pred Err: 48.12 
265  [11]          TrainErr: 46.56  Avg Balanced Acc: 50.00  Avg Pred Err: 50.00 
266  [1]           TrainErr: 43.44  Avg Balanced Acc: 53.75  Avg Pred Err: 46.25 
267  [9]           TrainErr: 44.22  Avg Balanced Acc: 53.88  Avg Pred Err: 46.12 
268  [3]           TrainErr: 47.19  Avg Balanced Acc: 46.38  Avg Pred Err: 53.62 
269  [9]           TrainErr: 43.91  Avg Balanced Acc: 51.38  Avg Pred Err: 48.62 
270  [4]           TrainErr: 47.34  Avg Balanced Acc: 47.12  Avg Pred Err: 52.88 
271  [12]          TrainErr: 46.56  Avg Balanced Acc: 47.88  Avg Pred Err: 52.12 
272  [5]           TrainErr: 47.50  Avg Balanced Acc: 50.12  Avg Pred Err: 49.88 
273  [12]          TrainErr: 45.78  Avg Balanced Acc: 53.12  Avg Pred Err: 46.88 
274  [1]           TrainErr: 44.69  Avg Balanced Acc: 49.25  Avg Pred Err: 50.75 
275  [10]          TrainErr: 44.22  Avg Balanced Acc: 45.75  Avg Pred Err: 54.25 
276  [7_6]         TrainErr: 42.50  Avg Balanced Acc: 50.50  Avg Pred Err: 49.50 
277  [11_2]        TrainErr: 41.72  Avg Balanced Acc: 54.25  Avg Pred Err: 45.75 
278  [11]          TrainErr: 43.59  Avg Balanced Acc: 51.38  Avg Pred Err: 48.62 
279  [1]           TrainErr: 46.25  Avg Balanced Acc: 51.50  Avg Pred Err: 48.50 
280  [6_5]         TrainErr: 42.03  Avg Balanced Acc: 52.50  Avg Pred Err: 47.50 
281  [11_10]       TrainErr: 43.75  Avg Balanced Acc: 50.75  Avg Pred Err: 49.25 
282  [7]           TrainErr: 46.09  Avg Balanced Acc: 52.00  Avg Pred Err: 48.00 
283  [10]          TrainErr: 45.94  Avg Balanced Acc: 48.62  Avg Pred Err: 51.38 
284  [3]           TrainErr: 45.94  Avg Balanced Acc: 51.25  Avg Pred Err: 48.75 
285  [8]           TrainErr: 46.56  Avg Balanced Acc: 49.00  Avg Pred Err: 51.00 
286  [1]           TrainErr: 46.09  Avg Balanced Acc: 50.00  Avg Pred Err: 50.00 
287  [8]           TrainErr: 45.16  Avg Balanced Acc: 53.50  Avg Pred Err: 46.50 
288  [9_1]         TrainErr: 43.75  Avg Balanced Acc: 48.25  Avg Pred Err: 51.75 
289  [6_5]         TrainErr: 42.50  Avg Balanced Acc: 50.25  Avg Pred Err: 49.75 
290  [12_7]        TrainErr: 40.94  Avg Balanced Acc: 51.25  Avg Pred Err: 48.75 
291  [12_9]        TrainErr: 43.28  Avg Balanced Acc: 49.50  Avg Pred Err: 50.50 
292  [9_1]         TrainErr: 43.12  Avg Balanced Acc: 50.12  Avg Pred Err: 49.88 
293  [8]           TrainErr: 45.78  Avg Balanced Acc: 49.00  Avg Pred Err: 51.00 
294  [2]           TrainErr: 46.41  Avg Balanced Acc: 49.38  Avg Pred Err: 50.62 
295  [6_5]         TrainErr: 42.97  Avg Balanced Acc: 51.00  Avg Pred Err: 49.00 
296  [2]           TrainErr: 45.78  Avg Balanced Acc: 54.38  Avg Pred Err: 45.62 
297  [9_2]         TrainErr: 41.88  Avg Balanced Acc: 55.62  Avg Pred Err: 44.38 
298  [9_3]         TrainErr: 42.03  Avg Balanced Acc: 56.00  Avg Pred Err: 44.00 
299  [9_2]         TrainErr: 42.50  Avg Balanced Acc: 52.38  Avg Pred Err: 47.62 
300  [10_7]        TrainErr: 43.75  Avg Balanced Acc: 49.50  Avg Pred Err: 50.50 
301  [7_2]         TrainErr: 41.72  Avg Balanced Acc: 52.75  Avg Pred Err: 47.25 
302  [11_2]        TrainErr: 43.28  Avg Balanced Acc: 48.75  Avg Pred Err: 51.25 
303  [11_6]        TrainErr: 44.38  Avg Balanced Acc: 48.62  Avg Pred Err: 51.38 
304  [11]          TrainErr: 45.31  Avg Balanced Acc: 48.38  Avg Pred Err: 51.62 
305  [10_8]        TrainErr: 42.66  Avg Balanced Acc: 53.38  Avg Pred Err: 46.62 
306  [5]           TrainErr: 46.09  Avg Balanced Acc: 52.00  Avg Pred Err: 48.00 
307  [1]           TrainErr: 45.31  Avg Balanced Acc: 51.50  Avg Pred Err: 48.50 
308  [6_2]         TrainErr: 43.12  Avg Balanced Acc: 52.38  Avg Pred Err: 47.62 
309  [8]           TrainErr: 43.28  Avg Balanced Acc: 51.50  Avg Pred Err: 48.50 
310  [8]           TrainErr: 45.31  Avg Balanced Acc: 47.25  Avg Pred Err: 52.75 
311  [12]          TrainErr: 47.19  Avg Balanced Acc: 49.12  Avg Pred Err: 50.88 
312  [1]           TrainErr: 45.16  Avg Balanced Acc: 52.62  Avg Pred Err: 47.38 
313  [6]           TrainErr: 45.00  Avg Balanced Acc: 50.00  Avg Pred Err: 50.00 
314  [7]           TrainErr: 45.78  Avg Balanced Acc: 54.88  Avg Pred Err: 45.12 
315  [7]           TrainErr: 46.56  Avg Balanced Acc: 48.25  Avg Pred Err: 51.75 
316  [11_10]       TrainErr: 42.66  Avg Balanced Acc: 48.88  Avg Pred Err: 51.12 
317  [7_2]         TrainErr: 42.34  Avg Balanced Acc: 52.88  Avg Pred Err: 47.12 
318  [9_3]         TrainErr: 41.88  Avg Balanced Acc: 53.62  Avg Pred Err: 46.38 
319  [6]           TrainErr: 46.56  Avg Balanced Acc: 46.25  Avg Pred Err: 53.75 
320  [12]          TrainErr: 45.47  Avg Balanced Acc: 49.88  Avg Pred Err: 50.12 
321  [5_2]         TrainErr: 42.03  Avg Balanced Acc: 48.12  Avg Pred Err: 51.88 
322  [4_2]         TrainErr: 42.81  Avg Balanced Acc: 51.62  Avg Pred Err: 48.38 
323  [11]          TrainErr: 45.62  Avg Balanced Acc: 49.75  Avg Pred Err: 50.25 
324  [12_11]       TrainErr: 43.12  Avg Balanced Acc: 49.00  Avg Pred Err: 51.00 
325  [4]           TrainErr: 44.38  Avg Balanced Acc: 51.88  Avg Pred Err: 48.12 
326  [7_5]         TrainErr: 43.28  Avg Balanced Acc: 50.50  Avg Pred Err: 49.50 
327  [11]          TrainErr: 45.78  Avg Balanced Acc: 51.75  Avg Pred Err: 48.25 
328  [3]           TrainErr: 46.09  Avg Balanced Acc: 48.88  Avg Pred Err: 51.12 
329  [6]           TrainErr: 45.16  Avg Balanced Acc: 54.75  Avg Pred Err: 45.25 
330  [12_9]        TrainErr: 42.66  Avg Balanced Acc: 52.00  Avg Pred Err: 48.00 
331  [9]           TrainErr: 45.31  Avg Balanced Acc: 50.88  Avg Pred Err: 49.12 
332  [2]           TrainErr: 45.47  Avg Balanced Acc: 50.50  Avg Pred Err: 49.50 
333  [7_1]         TrainErr: 43.44  Avg Balanced Acc: 50.00  Avg Pred Err: 50.00 
334  [10]          TrainErr: 44.53  Avg Balanced Acc: 51.75  Avg Pred Err: 48.25 
335  [2]           TrainErr: 45.62  Avg Balanced Acc: 49.88  Avg Pred Err: 50.12 
336  [7_5]         TrainErr: 41.88  Avg Balanced Acc: 54.25  Avg Pred Err: 45.75 
337  [5]           TrainErr: 45.78  Avg Balanced Acc: 54.00  Avg Pred Err: 46.00 
338  [5_4]         TrainErr: 42.81  Avg Balanced Acc: 50.87  Avg Pred Err: 49.12 
339  [3]           TrainErr: 44.84  Avg Balanced Acc: 47.62  Avg Pred Err: 52.38 
340  [10_3]        TrainErr: 43.44  Avg Balanced Acc: 49.88  Avg Pred Err: 50.12 
341  [11_9]        TrainErr: 42.50  Avg Balanced Acc: 51.00  Avg Pred Err: 49.00 
342  [9]           TrainErr: 45.78  Avg Balanced Acc: 49.88  Avg Pred Err: 50.12 
343  [3]           TrainErr: 46.72  Avg Balanced Acc: 48.88  Avg Pred Err: 51.12 
344  [7]           TrainErr: 45.94  Avg Balanced Acc: 53.12  Avg Pred Err: 46.88 
345  [9]           TrainErr: 45.16  Avg Balanced Acc: 51.00  Avg Pred Err: 49.00 
346  [5_3]         TrainErr: 42.50  Avg Balanced Acc: 52.75  Avg Pred Err: 47.25 
347  [4]           TrainErr: 45.62  Avg Balanced Acc: 54.75  Avg Pred Err: 45.25 
348  [8_5]         TrainErr: 43.12  Avg Balanced Acc: 51.12  Avg Pred Err: 48.88 
349  [10]          TrainErr: 45.78  Avg Balanced Acc: 51.88  Avg Pred Err: 48.12 
350  [8_5]         TrainErr: 44.06  Avg Balanced Acc: 51.00  Avg Pred Err: 49.00 
351  [10]          TrainErr: 44.38  Avg Balanced Acc: 51.75  Avg Pred Err: 48.25 
352  [7_1]         TrainErr: 42.97  Avg Balanced Acc: 50.75  Avg Pred Err: 49.25 
353  [2]           TrainErr: 45.62  Avg Balanced Acc: 47.75  Avg Pred Err: 52.25 
354  [5]           TrainErr: 44.53  Avg Balanced Acc: 50.75  Avg Pred Err: 49.25 
355  [11]          TrainErr: 46.41  Avg Balanced Acc: 47.50  Avg Pred Err: 52.50 
356  [3]           TrainErr: 46.72  Avg Balanced Acc: 50.62  Avg Pred Err: 49.38 
357  [2]           TrainErr: 45.47  Avg Balanced Acc: 48.50  Avg Pred Err: 51.50 
358  [8]           TrainErr: 43.59  Avg Balanced Acc: 49.75  Avg Pred Err: 50.25 
359  [5_4]         TrainErr: 42.50  Avg Balanced Acc: 51.50  Avg Pred Err: 48.50 
360  [1]           TrainErr: 45.94  Avg Balanced Acc: 50.62  Avg Pred Err: 49.38 
361  [7_5]         TrainErr: 42.81  Avg Balanced Acc: 50.12  Avg Pred Err: 49.88 
362  [8]           TrainErr: 44.38  Avg Balanced Acc: 54.00  Avg Pred Err: 46.00 
363  [9_8]         TrainErr: 42.03  Avg Balanced Acc: 49.75  Avg Pred Err: 50.25 
364  [12]          TrainErr: 45.47  Avg Balanced Acc: 50.25  Avg Pred Err: 49.75 
365  [12_6]        TrainErr: 41.88  Avg Balanced Acc: 49.38  Avg Pred Err: 50.62 
366  [11]          TrainErr: 45.78  Avg Balanced Acc: 48.12  Avg Pred Err: 51.88 
367  [8]           TrainErr: 45.31  Avg Balanced Acc: 51.62  Avg Pred Err: 48.38 
368  [11]          TrainErr: 45.62  Avg Balanced Acc: 52.62  Avg Pred Err: 47.38 
369  [12_5]        TrainErr: 44.06  Avg Balanced Acc: 48.62  Avg Pred Err: 51.38 
370  [6_3]         TrainErr: 43.12  Avg Balanced Acc: 51.00  Avg Pred Err: 49.00 
371  [7]           TrainErr: 46.09  Avg Balanced Acc: 51.12  Avg Pred Err: 48.88 
372  [5]           TrainErr: 47.03  Avg Balanced Acc: 49.62  Avg Pred Err: 50.38 
373  [4]           TrainErr: 45.94  Avg Balanced Acc: 51.62  Avg Pred Err: 48.38 
374  [8]           TrainErr: 45.94  Avg Balanced Acc: 54.50  Avg Pred Err: 45.50 
375  [11]          TrainErr: 46.41  Avg Balanced Acc: 52.12  Avg Pred Err: 47.88 
376  [6]           TrainErr: 46.25  Avg Balanced Acc: 51.50  Avg Pred Err: 48.50 
377  [6]           TrainErr: 46.09  Avg Balanced Acc: 49.88  Avg Pred Err: 50.12 
378  [8]           TrainErr: 45.00  Avg Balanced Acc: 47.00  Avg Pred Err: 53.00 
379  [12]          TrainErr: 46.09  Avg Balanced Acc: 52.75  Avg Pred Err: 47.25 
380  [3]           TrainErr: 47.03  Avg Balanced Acc: 50.88  Avg Pred Err: 49.12 
381  [4]           TrainErr: 43.91  Avg Balanced Acc: 54.25  Avg Pred Err: 45.75 
382  [12]          TrainErr: 44.22  Avg Balanced Acc: 52.00  Avg Pred Err: 48.00 
383  [4]           TrainErr: 46.56  Avg Balanced Acc: 48.62  Avg Pred Err: 51.38 
384  [9_5]         TrainErr: 42.50  Avg Balanced Acc: 48.12  Avg Pred Err: 51.88 
385  [8_5]         TrainErr: 42.19  Avg Balanced Acc: 52.75  Avg Pred Err: 47.25 
386  [7]           TrainErr: 44.53  Avg Balanced Acc: 53.00  Avg Pred Err: 47.00 
387  [12]          TrainErr: 46.09  Avg Balanced Acc: 50.50  Avg Pred Err: 49.50 
388  [3]           TrainErr: 45.31  Avg Balanced Acc: 52.00  Avg Pred Err: 48.00 
389  [7_3]         TrainErr: 43.75  Avg Balanced Acc: 48.62  Avg Pred Err: 51.38 
390  [12_11]       TrainErr: 44.22  Avg Balanced Acc: 51.25  Avg Pred Err: 48.75 
391  [4]           TrainErr: 45.00  Avg Balanced Acc: 51.12  Avg Pred Err: 48.88 
392  [2_1]         TrainErr: 41.72  Avg Balanced Acc: 53.75  Avg Pred Err: 46.25 
393  [3]           TrainErr: 46.25  Avg Balanced Acc: 50.62  Avg Pred Err: 49.38 
394  [8]           TrainErr: 46.25  Avg Balanced Acc: 50.25  Avg Pred Err: 49.75 
395  [5]           TrainErr: 46.72  Avg Balanced Acc: 51.12  Avg Pred Err: 48.88 
396  [5]           TrainErr: 46.09  Avg Balanced Acc: 50.12  Avg Pred Err: 49.88 
397  [2]           TrainErr: 44.38  Avg Balanced Acc: 53.62  Avg Pred Err: 46.38 
398  [11]          TrainErr: 46.25  Avg Balanced Acc: 49.12  Avg Pred Err: 50.88 
399  [1]           TrainErr: 44.06  Avg Balanced Acc: 50.88  Avg Pred Err: 49.12 
400  [8]           TrainErr: 46.56  Avg Balanced Acc: 49.88  Avg Pred Err: 50.12 
401  [3_1]         TrainErr: 43.44  Avg Balanced Acc: 48.00  Avg Pred Err: 52.00 
402  [9]           TrainErr: 44.53  Avg Balanced Acc: 48.00  Avg Pred Err: 52.00 
403  [4]           TrainErr: 45.78  Avg Balanced Acc: 49.50  Avg Pred Err: 50.50 
404  [8]           TrainErr: 44.84  Avg Balanced Acc: 51.62  Avg Pred Err: 48.38 
405  [11]          TrainErr: 46.41  Avg Balanced Acc: 47.00  Avg Pred Err: 53.00 
406  [3]           TrainErr: 46.25  Avg Balanced Acc: 47.50  Avg Pred Err: 52.50 
407  [5]           TrainErr: 44.06  Avg Balanced Acc: 46.88  Avg Pred Err: 53.12 
408  [11_2]        TrainErr: 42.97  Avg Balanced Acc: 51.50  Avg Pred Err: 48.50 
409  [1]           TrainErr: 45.00  Avg Balanced Acc: 53.00  Avg Pred Err: 47.00 
410  [8]           TrainErr: 46.41  Avg Balanced Acc: 46.75  Avg Pred Err: 53.25 
411  [5]           TrainErr: 46.09  Avg Balanced Acc: 49.25  Avg Pred Err: 50.75 
412  [1]           TrainErr: 44.84  Avg Balanced Acc: 53.25  Avg Pred Err: 46.75 
413  [8_4]         TrainErr: 43.75  Avg Balanced Acc: 49.75  Avg Pred Err: 50.25 
414  [4_3]         TrainErr: 42.97  Avg Balanced Acc: 54.12  Avg Pred Err: 45.88 
415  [4]           TrainErr: 46.25  Avg Balanced Acc: 48.75  Avg Pred Err: 51.25 
416  [7]           TrainErr: 46.09  Avg Balanced Acc: 52.38  Avg Pred Err: 47.62 
417  [2]           TrainErr: 45.94  Avg Balanced Acc: 51.12  Avg Pred Err: 48.88 
418  [8_2]         TrainErr: 42.97  Avg Balanced Acc: 53.50  Avg Pred Err: 46.50 
419  [12]          TrainErr: 45.62  Avg Balanced Acc: 47.75  Avg Pred Err: 52.25 
420  [9_7]         TrainErr: 43.44  Avg Balanced Acc: 49.62  Avg Pred Err: 50.38 
421  [2]           TrainErr: 46.25  Avg Balanced Acc: 48.38  Avg Pred Err: 51.62 
422  [9]           TrainErr: 44.84  Avg Balanced Acc: 51.12  Avg Pred Err: 48.88 
423  [1]           TrainErr: 46.88  Avg Balanced Acc: 48.00  Avg Pred Err: 52.00 
424  [9_2]         TrainErr: 43.75  Avg Balanced Acc: 54.50  Avg Pred Err: 45.50 
425  [4]           TrainErr: 46.09  Avg Balanced Acc: 50.88  Avg Pred Err: 49.12 
426  [2_1]         TrainErr: 42.66  Avg Balanced Acc: 54.00  Avg Pred Err: 46.00 
427  [11_5]        TrainErr: 43.44  Avg Balanced Acc: 48.75  Avg Pred Err: 51.25 
428  [7]           TrainErr: 46.25  Avg Balanced Acc: 48.25  Avg Pred Err: 51.75 
429  [6]           TrainErr: 45.47  Avg Balanced Acc: 46.88  Avg Pred Err: 53.12 
430  [11_7]        TrainErr: 42.97  Avg Balanced Acc: 50.88  Avg Pred Err: 49.12 
431  [8_4]         TrainErr: 43.28  Avg Balanced Acc: 53.38  Avg Pred Err: 46.62 
432  [2]           TrainErr: 47.19  Avg Balanced Acc: 49.12  Avg Pred Err: 50.88 
433  [10]          TrainErr: 46.41  Avg Balanced Acc: 49.25  Avg Pred Err: 50.75 
434  [4]           TrainErr: 45.78  Avg Balanced Acc: 46.38  Avg Pred Err: 53.62 
435  [12_1]        TrainErr: 43.59  Avg Balanced Acc: 52.12  Avg Pred Err: 47.88 
436  [9]           TrainErr: 46.56  Avg Balanced Acc: 46.00  Avg Pred Err: 54.00 
437  [4]           TrainErr: 45.16  Avg Balanced Acc: 51.88  Avg Pred Err: 48.12 
438  [5_4]         TrainErr: 43.59  Avg Balanced Acc: 47.62  Avg Pred Err: 52.38 
439  [4_1]         TrainErr: 42.66  Avg Balanced Acc: 49.75  Avg Pred Err: 50.25 
440  [2_1]         TrainErr: 43.91  Avg Balanced Acc: 50.00  Avg Pred Err: 50.00 
441  [11_9]        TrainErr: 44.38  Avg Balanced Acc: 47.50  Avg Pred Err: 52.50 
442  [6_1]         TrainErr: 42.03  Avg Balanced Acc: 56.38  Avg Pred Err: 43.62 
443  [8_6]         TrainErr: 42.50  Avg Balanced Acc: 55.38  Avg Pred Err: 44.62 
444  [1]           TrainErr: 44.22  Avg Balanced Acc: 52.75  Avg Pred Err: 47.25 
445  [3]           TrainErr: 45.31  Avg Balanced Acc: 52.00  Avg Pred Err: 48.00 
446  [11_10]       TrainErr: 42.97  Avg Balanced Acc: 50.62  Avg Pred Err: 49.38 
447  [9_3]         TrainErr: 42.50  Avg Balanced Acc: 48.88  Avg Pred Err: 51.12 
448  [12]          TrainErr: 46.41  Avg Balanced Acc: 48.50  Avg Pred Err: 51.50 
449  [7]           TrainErr: 45.94  Avg Balanced Acc: 46.12  Avg Pred Err: 53.88 
450  [8_7]         TrainErr: 43.75  Avg Balanced Acc: 49.88  Avg Pred Err: 50.12 
451  [10_5]        TrainErr: 43.44  Avg Balanced Acc: 47.50  Avg Pred Err: 52.50 
452  [8]           TrainErr: 46.41  Avg Balanced Acc: 49.38  Avg Pred Err: 50.62 
453  [12_11]       TrainErr: 42.81  Avg Balanced Acc: 51.25  Avg Pred Err: 48.75 
454  [6]           TrainErr: 45.16  Avg Balanced Acc: 49.00  Avg Pred Err: 51.00 
455  [2]           TrainErr: 46.41  Avg Balanced Acc: 49.75  Avg Pred Err: 50.25 
456  [5]           TrainErr: 45.31  Avg Balanced Acc: 49.50  Avg Pred Err: 50.50 
457  [6]           TrainErr: 44.38  Avg Balanced Acc: 51.75  Avg Pred Err: 48.25 
458  [10]          TrainErr: 44.84  Avg Balanced Acc: 50.62  Avg Pred Err: 49.38 
459  [7_3]         TrainErr: 43.12  Avg Balanced Acc: 49.00  Avg Pred Err: 51.00 
460  [9]           TrainErr: 45.16  Avg Balanced Acc: 52.75  Avg Pred Err: 47.25 
461  [11]          TrainErr: 45.78  Avg Balanced Acc: 52.00  Avg Pred Err: 48.00 
462  [7]           TrainErr: 45.16  Avg Balanced Acc: 51.38  Avg Pred Err: 48.62 
463  [2]           TrainErr: 47.19  Avg Balanced Acc: 50.50  Avg Pred Err: 49.50 
464  [9_5]         TrainErr: 42.34  Avg Balanced Acc: 50.88  Avg Pred Err: 49.12 
465  [7]           TrainErr: 45.00  Avg Balanced Acc: 51.00  Avg Pred Err: 49.00 
466  [11]          TrainErr: 45.94  Avg Balanced Acc: 51.75  Avg Pred Err: 48.25 
467  [7]           TrainErr: 45.31  Avg Balanced Acc: 54.62  Avg Pred Err: 45.38 
468  [12]          TrainErr: 46.25  Avg Balanced Acc: 47.25  Avg Pred Err: 52.75 
469  [12_11]       TrainErr: 41.56  Avg Balanced Acc: 51.62  Avg Pred Err: 48.38 
470  [12_8]        TrainErr: 42.81  Avg Balanced Acc: 48.25  Avg Pred Err: 51.75 
471  [6_5]         TrainErr: 42.19  Avg Balanced Acc: 55.38  Avg Pred Err: 44.62 
472  [4]           TrainErr: 46.41  Avg Balanced Acc: 48.88  Avg Pred Err: 51.12 
473  [12]          TrainErr: 46.25  Avg Balanced Acc: 48.00  Avg Pred Err: 52.00 
474  [3]           TrainErr: 46.09  Avg Balanced Acc: 46.12  Avg Pred Err: 53.88 
475  [6_5]         TrainErr: 43.59  Avg Balanced Acc: 54.38  Avg Pred Err: 45.62 
476  [4]           TrainErr: 44.53  Avg Balanced Acc: 54.38  Avg Pred Err: 45.62 
477  [2_1]         TrainErr: 43.75  Avg Balanced Acc: 47.25  Avg Pred Err: 52.75 
478  [12_6]        TrainErr: 43.75  Avg Balanced Acc: 50.12  Avg Pred Err: 49.88 
479  [1]           TrainErr: 46.56  Avg Balanced Acc: 50.25  Avg Pred Err: 49.75 
480  [7]           TrainErr: 46.56  Avg Balanced Acc: 51.62  Avg Pred Err: 48.38 
481  [8_3]         TrainErr: 40.31  Avg Balanced Acc: 51.88  Avg Pred Err: 48.12 
482  [3]           TrainErr: 44.69  Avg Balanced Acc: 55.00  Avg Pred Err: 45.00 
483  [9_1]         TrainErr: 43.59  Avg Balanced Acc: 54.75  Avg Pred Err: 45.25 
484  [11]          TrainErr: 44.69  Avg Balanced Acc: 55.62  Avg Pred Err: 44.38 
485  [2]           TrainErr: 44.84  Avg Balanced Acc: 49.50  Avg Pred Err: 50.50 
486  [2]           TrainErr: 44.06  Avg Balanced Acc: 50.62  Avg Pred Err: 49.38 
487  [12_11]       TrainErr: 42.19  Avg Balanced Acc: 53.88  Avg Pred Err: 46.12 
488  [1]           TrainErr: 45.00  Avg Balanced Acc: 55.25  Avg Pred Err: 44.75 
489  [5_1]         TrainErr: 43.12  Avg Balanced Acc: 46.75  Avg Pred Err: 53.25 
490  [6]           TrainErr: 46.56  Avg Balanced Acc: 50.25  Avg Pred Err: 49.75 
491  [9_2]         TrainErr: 42.97  Avg Balanced Acc: 48.00  Avg Pred Err: 52.00 
492  [6]           TrainErr: 46.25  Avg Balanced Acc: 54.25  Avg Pred Err: 45.75 
493  [11]          TrainErr: 45.62  Avg Balanced Acc: 47.12  Avg Pred Err: 52.88 
494  [8]           TrainErr: 45.16  Avg Balanced Acc: 50.38  Avg Pred Err: 49.62 
495  [10_1]        TrainErr: 41.56  Avg Balanced Acc: 50.00  Avg Pred Err: 50.00 
496  [2]           TrainErr: 44.69  Avg Balanced Acc: 52.50  Avg Pred Err: 47.50 
497  [6]           TrainErr: 44.38  Avg Balanced Acc: 56.00  Avg Pred Err: 44.00 
498  [12]          TrainErr: 45.62  Avg Balanced Acc: 51.75  Avg Pred Err: 48.25 
499  [8]           TrainErr: 45.47  Avg Balanced Acc: 50.00  Avg Pred Err: 50.00 
500  [10]          TrainErr: 45.00  Avg Balanced Acc: 51.38  Avg Pred Err: 48.62 
501  [12_2]        TrainErr: 40.78  Avg Balanced Acc: 56.25  Avg Pred Err: 43.75 
502  [10_3]        TrainErr: 42.97  Avg Balanced Acc: 52.00  Avg Pred Err: 48.00 
503  [10_7]        TrainErr: 42.34  Avg Balanced Acc: 52.00  Avg Pred Err: 48.00 
504  [7_6]         TrainErr: 43.75  Avg Balanced Acc: 50.25  Avg Pred Err: 49.75 
505  [5]           TrainErr: 45.78  Avg Balanced Acc: 54.00  Avg Pred Err: 46.00 
506  [4]           TrainErr: 46.56  Avg Balanced Acc: 50.38  Avg Pred Err: 49.62 
507  [4]           TrainErr: 45.31  Avg Balanced Acc: 50.62  Avg Pred Err: 49.38 
508  [2]           TrainErr: 46.25  Avg Balanced Acc: 49.75  Avg Pred Err: 50.25 
509  [8]           TrainErr: 45.47  Avg Balanced Acc: 53.38  Avg Pred Err: 46.62 
510  [1]           TrainErr: 46.88  Avg Balanced Acc: 47.88  Avg Pred Err: 52.12 
511  [11]          TrainErr: 46.88  Avg Balanced Acc: 50.12  Avg Pred Err: 49.88 
512  [12_9]        TrainErr: 43.59  Avg Balanced Acc: 50.25  Avg Pred Err: 49.75 
513  [12_3]        TrainErr: 42.03  Avg Balanced Acc: 54.38  Avg Pred Err: 45.62 
514  [7]           TrainErr: 45.00  Avg Balanced Acc: 50.12  Avg Pred Err: 49.88 
515  [7]           TrainErr: 46.72  Avg Balanced Acc: 51.50  Avg Pred Err: 48.50 
516  [10_1]        TrainErr: 42.03  Avg Balanced Acc: 53.00  Avg Pred Err: 47.00 
517  [11]          TrainErr: 44.22  Avg Balanced Acc: 51.88  Avg Pred Err: 48.12 
518  [12_1]        TrainErr: 42.50  Avg Balanced Acc: 54.38  Avg Pred Err: 45.62 
519  [5_4]         TrainErr: 42.50  Avg Balanced Acc: 52.50  Avg Pred Err: 47.50 
520  [12_9]        TrainErr: 43.28  Avg Balanced Acc: 51.25  Avg Pred Err: 48.75 
521  [7_6]         TrainErr: 42.66  Avg Balanced Acc: 56.62  Avg Pred Err: 43.38 
522  [12_6]        TrainErr: 42.50  Avg Balanced Acc: 53.50  Avg Pred Err: 46.50 
523  [5_2]         TrainErr: 42.50  Avg Balanced Acc: 47.88  Avg Pred Err: 52.12 
524  [6_3]         TrainErr: 42.34  Avg Balanced Acc: 51.00  Avg Pred Err: 49.00 
525  [3]           TrainErr: 43.91  Avg Balanced Acc: 55.75  Avg Pred Err: 44.25 
526  [11]          TrainErr: 45.31  Avg Balanced Acc: 51.50  Avg Pred Err: 48.50 
527  [5]           TrainErr: 46.25  Avg Balanced Acc: 52.62  Avg Pred Err: 47.38 
528  [3]           TrainErr: 46.25  Avg Balanced Acc: 51.88  Avg Pred Err: 48.12 
529  [12_2]        TrainErr: 42.34  Avg Balanced Acc: 50.38  Avg Pred Err: 49.62 
530  [9]           TrainErr: 45.94  Avg Balanced Acc: 52.12  Avg Pred Err: 47.88 
531  [3]           TrainErr: 44.69  Avg Balanced Acc: 55.50  Avg Pred Err: 44.50 
532  [3]           TrainErr: 46.41  Avg Balanced Acc: 49.62  Avg Pred Err: 50.38 
533  [9]           TrainErr: 46.25  Avg Balanced Acc: 47.62  Avg Pred Err: 52.38 
534  [9_8]         TrainErr: 43.91  Avg Balanced Acc: 48.88  Avg Pred Err: 51.12 
535  [4]           TrainErr: 45.00  Avg Balanced Acc: 48.88  Avg Pred Err: 51.12 
536  [4]           TrainErr: 44.69  Avg Balanced Acc: 53.00  Avg Pred Err: 47.00 
537  [11]          TrainErr: 45.00  Avg Balanced Acc: 47.50  Avg Pred Err: 52.50 
538  [6]           TrainErr: 44.22  Avg Balanced Acc: 49.00  Avg Pred Err: 51.00 
539  [1]           TrainErr: 44.06  Avg Balanced Acc: 50.38  Avg Pred Err: 49.62 
540  [8_7]         TrainErr: 43.91  Avg Balanced Acc: 49.62  Avg Pred Err: 50.38 
541  [8]           TrainErr: 45.94  Avg Balanced Acc: 49.88  Avg Pred Err: 50.12 
542  [5_1]         TrainErr: 42.34  Avg Balanced Acc: 52.50  Avg Pred Err: 47.50 
543  [10]          TrainErr: 43.59  Avg Balanced Acc: 55.38  Avg Pred Err: 44.62 
544  [8_5]         TrainErr: 43.12  Avg Balanced Acc: 49.75  Avg Pred Err: 50.25 
545  [12_5]        TrainErr: 43.59  Avg Balanced Acc: 52.50  Avg Pred Err: 47.50 
546  [6]           TrainErr: 46.25  Avg Balanced Acc: 48.75  Avg Pred Err: 51.25 
547  [4]           TrainErr: 46.09  Avg Balanced Acc: 49.38  Avg Pred Err: 50.62 
548  [5]           TrainErr: 45.78  Avg Balanced Acc: 48.38  Avg Pred Err: 51.62 
549  [9]           TrainErr: 46.56  Avg Balanced Acc: 47.50  Avg Pred Err: 52.50 
550  [12]          TrainErr: 46.09  Avg Balanced Acc: 45.75  Avg Pred Err: 54.25 
551  [2]           TrainErr: 44.53  Avg Balanced Acc: 54.50  Avg Pred Err: 45.50 
552  [8]           TrainErr: 45.16  Avg Balanced Acc: 48.75  Avg Pred Err: 51.25 
553  [12]          TrainErr: 45.94  Avg Balanced Acc: 47.25  Avg Pred Err: 52.75 
554  [12_4]        TrainErr: 42.81  Avg Balanced Acc: 49.25  Avg Pred Err: 50.75 
555  [1]           TrainErr: 46.72  Avg Balanced Acc: 50.00  Avg Pred Err: 50.00 
556  [12]          TrainErr: 45.16  Avg Balanced Acc: 51.50  Avg Pred Err: 48.50 
557  [5]           TrainErr: 46.09  Avg Balanced Acc: 50.50  Avg Pred Err: 49.50 
558  [2]           TrainErr: 45.47  Avg Balanced Acc: 49.25  Avg Pred Err: 50.75 
559  [4]           TrainErr: 44.22  Avg Balanced Acc: 49.88  Avg Pred Err: 50.12 
560  [9_2]         TrainErr: 42.03  Avg Balanced Acc: 51.25  Avg Pred Err: 48.75 
561  [10]          TrainErr: 46.09  Avg Balanced Acc: 49.00  Avg Pred Err: 51.00 
562  [8]           TrainErr: 45.16  Avg Balanced Acc: 49.88  Avg Pred Err: 50.12 
563  [8_7]         TrainErr: 43.12  Avg Balanced Acc: 52.75  Avg Pred Err: 47.25 
564  [10_1]        TrainErr: 43.44  Avg Balanced Acc: 49.12  Avg Pred Err: 50.88 
565  [11_7]        TrainErr: 42.66  Avg Balanced Acc: 52.62  Avg Pred Err: 47.38 
566  [8]           TrainErr: 47.34  Avg Balanced Acc: 49.12  Avg Pred Err: 50.88 
567  [6]           TrainErr: 46.09  Avg Balanced Acc: 50.75  Avg Pred Err: 49.25 
568  [2]           TrainErr: 45.78  Avg Balanced Acc: 48.62  Avg Pred Err: 51.38 
569  [2]           TrainErr: 45.31  Avg Balanced Acc: 51.25  Avg Pred Err: 48.75 
570  [6]           TrainErr: 47.03  Avg Balanced Acc: 52.88  Avg Pred Err: 47.12 
571  [7_1]         TrainErr: 42.97  Avg Balanced Acc: 47.62  Avg Pred Err: 52.38 
572  [6]           TrainErr: 46.25  Avg Balanced Acc: 51.75  Avg Pred Err: 48.25 
573  [10_7]        TrainErr: 43.28  Avg Balanced Acc: 54.12  Avg Pred Err: 45.88 
574  [6_4]         TrainErr: 43.75  Avg Balanced Acc: 49.50  Avg Pred Err: 50.50 
575  [5_3]         TrainErr: 42.50  Avg Balanced Acc: 49.38  Avg Pred Err: 50.62 
576  [9_3]         TrainErr: 41.56  Avg Balanced Acc: 54.25  Avg Pred Err: 45.75 
577  [7_4]         TrainErr: 42.50  Avg Balanced Acc: 53.38  Avg Pred Err: 46.62 
578  [2]           TrainErr: 43.75  Avg Balanced Acc: 52.00  Avg Pred Err: 48.00 
579  [4]           TrainErr: 46.56  Avg Balanced Acc: 47.38  Avg Pred Err: 52.62 
580  [7_2]         TrainErr: 42.66  Avg Balanced Acc: 50.50  Avg Pred Err: 49.50 
581  [1]           TrainErr: 46.41  Avg Balanced Acc: 49.25  Avg Pred Err: 50.75 
582  [6]           TrainErr: 45.62  Avg Balanced Acc: 51.62  Avg Pred Err: 48.38 
583  [8]           TrainErr: 45.78  Avg Balanced Acc: 53.50  Avg Pred Err: 46.50 
584  [8_5]         TrainErr: 43.12  Avg Balanced Acc: 53.25  Avg Pred Err: 46.75 
585  [10_9]        TrainErr: 43.59  Avg Balanced Acc: 51.12  Avg Pred Err: 48.88 
586  [8_5]         TrainErr: 43.75  Avg Balanced Acc: 50.25  Avg Pred Err: 49.75 
587  [9]           TrainErr: 44.38  Avg Balanced Acc: 51.62  Avg Pred Err: 48.38 
588  [2]           TrainErr: 44.53  Avg Balanced Acc: 55.38  Avg Pred Err: 44.62 
589  [10_1]        TrainErr: 44.06  Avg Balanced Acc: 49.88  Avg Pred Err: 50.12 
590  [12_7]        TrainErr: 42.81  Avg Balanced Acc: 54.12  Avg Pred Err: 45.88 
591  [6]           TrainErr: 45.78  Avg Balanced Acc: 49.12  Avg Pred Err: 50.88 
592  [11]          TrainErr: 45.78  Avg Balanced Acc: 50.38  Avg Pred Err: 49.62 
593  [1]           TrainErr: 45.31  Avg Balanced Acc: 54.25  Avg Pred Err: 45.75 
594  [5]           TrainErr: 45.78  Avg Balanced Acc: 48.50  Avg Pred Err: 51.50 
595  [11]          TrainErr: 46.25  Avg Balanced Acc: 51.75  Avg Pred Err: 48.25 
596  [6]           TrainErr: 46.25  Avg Balanced Acc: 53.88  Avg Pred Err: 46.12 
597  [10_1]        TrainErr: 42.34  Avg Balanced Acc: 52.12  Avg Pred Err: 47.88 
598  [10_7]        TrainErr: 42.66  Avg Balanced Acc: 53.00  Avg Pred Err: 47.00 
599  [12_7]        TrainErr: 41.25  Avg Balanced Acc: 52.50  Avg Pred Err: 47.50 
600  [4]           TrainErr: 45.47  Avg Balanced Acc: 50.75  Avg Pred Err: 49.25 
601  [11]          TrainErr: 46.09  Avg Balanced Acc: 50.38  Avg Pred Err: 49.62 
602  [9_4]         TrainErr: 43.91  Avg Balanced Acc: 47.75  Avg Pred Err: 52.25 
603  [12]          TrainErr: 46.72  Avg Balanced Acc: 49.25  Avg Pred Err: 50.75 
604  [5]           TrainErr: 45.62  Avg Balanced Acc: 55.50  Avg Pred Err: 44.50 
605  [2]           TrainErr: 45.62  Avg Balanced Acc: 49.12  Avg Pred Err: 50.88 
606  [7]           TrainErr: 45.00  Avg Balanced Acc: 49.12  Avg Pred Err: 50.88 
607  [8_4]         TrainErr: 43.59  Avg Balanced Acc: 52.00  Avg Pred Err: 48.00 
608  [4]           TrainErr: 46.25  Avg Balanced Acc: 48.25  Avg Pred Err: 51.75 
609  [1]           TrainErr: 46.72  Avg Balanced Acc: 51.75  Avg Pred Err: 48.25 
610  [2]           TrainErr: 45.78  Avg Balanced Acc: 47.88  Avg Pred Err: 52.12 
611  [3]           TrainErr: 46.72  Avg Balanced Acc: 48.12  Avg Pred Err: 51.88 
612  [10]          TrainErr: 45.78  Avg Balanced Acc: 54.00  Avg Pred Err: 46.00 
613  [5]           TrainErr: 46.88  Avg Balanced Acc: 49.62  Avg Pred Err: 50.38 
614  [11_1]        TrainErr: 42.81  Avg Balanced Acc: 49.50  Avg Pred Err: 50.50 
615  [4]           TrainErr: 44.84  Avg Balanced Acc: 49.62  Avg Pred Err: 50.38 
616  [4_2]         TrainErr: 43.28  Avg Balanced Acc: 51.88  Avg Pred Err: 48.12 
617  [3]           TrainErr: 46.56  Avg Balanced Acc: 48.00  Avg Pred Err: 52.00 
618  [10_4]        TrainErr: 43.75  Avg Balanced Acc: 51.75  Avg Pred Err: 48.25 
619  [12_2]        TrainErr: 42.34  Avg Balanced Acc: 56.88  Avg Pred Err: 43.12 
620  [9]           TrainErr: 45.94  Avg Balanced Acc: 48.88  Avg Pred Err: 51.12 
621  [12]          TrainErr: 45.78  Avg Balanced Acc: 49.12  Avg Pred Err: 50.88 
622  [10_8]        TrainErr: 42.97  Avg Balanced Acc: 51.12  Avg Pred Err: 48.88 
623  [12_5]        TrainErr: 41.72  Avg Balanced Acc: 54.25  Avg Pred Err: 45.75 
624  [9]           TrainErr: 45.62  Avg Balanced Acc: 55.12  Avg Pred Err: 44.88 
625  [10]          TrainErr: 45.94  Avg Balanced Acc: 47.62  Avg Pred Err: 52.38 
626  [5_4]         TrainErr: 42.34  Avg Balanced Acc: 52.00  Avg Pred Err: 48.00 
627  [10]          TrainErr: 44.69  Avg Balanced Acc: 54.62  Avg Pred Err: 45.38 
628  [7]           TrainErr: 45.94  Avg Balanced Acc: 50.75  Avg Pred Err: 49.25 
629  [1]           TrainErr: 45.00  Avg Balanced Acc: 55.50  Avg Pred Err: 44.50 
630  [11]          TrainErr: 44.06  Avg Balanced Acc: 53.00  Avg Pred Err: 47.00 
631  [8_6]         TrainErr: 44.22  Avg Balanced Acc: 51.00  Avg Pred Err: 49.00 
632  [12_2]        TrainErr: 44.22  Avg Balanced Acc: 55.75  Avg Pred Err: 44.25 
633  [5]           TrainErr: 46.41  Avg Balanced Acc: 49.38  Avg Pred Err: 50.62 
634  [7_6]         TrainErr: 41.88  Avg Balanced Acc: 53.25  Avg Pred Err: 46.75 
635  [6]           TrainErr: 46.41  Avg Balanced Acc: 49.12  Avg Pred Err: 50.88 
636  [4]           TrainErr: 45.47  Avg Balanced Acc: 50.50  Avg Pred Err: 49.50 
637  [2_1]         TrainErr: 42.19  Avg Balanced Acc: 51.50  Avg Pred Err: 48.50 
638  [12]          TrainErr: 45.62  Avg Balanced Acc: 48.38  Avg Pred Err: 51.62 
639  [12]          TrainErr: 46.56  Avg Balanced Acc: 49.00  Avg Pred Err: 51.00 
640  [6]           TrainErr: 45.78  Avg Balanced Acc: 49.25  Avg Pred Err: 50.75 
641  [3]           TrainErr: 45.94  Avg Balanced Acc: 53.88  Avg Pred Err: 46.12 
642  [10_5]        TrainErr: 43.59  Avg Balanced Acc: 50.50  Avg Pred Err: 49.50 
643  [4]           TrainErr: 45.94  Avg Balanced Acc: 52.12  Avg Pred Err: 47.88 
644  [2]           TrainErr: 46.88  Avg Balanced Acc: 51.00  Avg Pred Err: 49.00 
645  [6]           TrainErr: 45.31  Avg Balanced Acc: 47.38  Avg Pred Err: 52.62 
646  [3]           TrainErr: 45.47  Avg Balanced Acc: 50.62  Avg Pred Err: 49.38 
647  [7]           TrainErr: 46.41  Avg Balanced Acc: 48.62  Avg Pred Err: 51.38 
648  [9]           TrainErr: 46.41  Avg Balanced Acc: 54.88  Avg Pred Err: 45.12 
649  [5]           TrainErr: 46.41  Avg Balanced Acc: 48.62  Avg Pred Err: 51.38 
650  [10_5]        TrainErr: 42.03  Avg Balanced Acc: 48.88  Avg Pred Err: 51.12 
651  [6]           TrainErr: 45.78  Avg Balanced Acc: 48.50  Avg Pred Err: 51.50 
652  [10]          TrainErr: 46.88  Avg Balanced Acc: 50.75  Avg Pred Err: 49.25 
653  [2]           TrainErr: 46.41  Avg Balanced Acc: 51.25  Avg Pred Err: 48.75 
654  [10_6]        TrainErr: 42.97  Avg Balanced Acc: 51.25  Avg Pred Err: 48.75 
655  [11]          TrainErr: 45.62  Avg Balanced Acc: 51.62  Avg Pred Err: 48.38 
656  [9_3]         TrainErr: 43.91  Avg Balanced Acc: 51.75  Avg Pred Err: 48.25 
657  [9_8]         TrainErr: 42.97  Avg Balanced Acc: 50.12  Avg Pred Err: 49.88 
658  [7_5]         TrainErr: 42.97  Avg Balanced Acc: 55.75  Avg Pred Err: 44.25 
659  [3]           TrainErr: 45.62  Avg Balanced Acc: 47.62  Avg Pred Err: 52.38 
660  [3]           TrainErr: 45.62  Avg Balanced Acc: 48.62  Avg Pred Err: 51.38 
661  [8]           TrainErr: 45.94  Avg Balanced Acc: 51.25  Avg Pred Err: 48.75 
662  [10]          TrainErr: 46.25  Avg Balanced Acc: 51.00  Avg Pred Err: 49.00 
663  [12_8]        TrainErr: 43.59  Avg Balanced Acc: 49.12  Avg Pred Err: 50.88 
664  [12]          TrainErr: 45.47  Avg Balanced Acc: 51.62  Avg Pred Err: 48.38 
665  [9]           TrainErr: 46.56  Avg Balanced Acc: 49.88  Avg Pred Err: 50.12 
666  [12_7]        TrainErr: 42.66  Avg Balanced Acc: 53.12  Avg Pred Err: 46.88 
667  [3]           TrainErr: 43.91  Avg Balanced Acc: 49.38  Avg Pred Err: 50.62 
668  [6]           TrainErr: 46.25  Avg Balanced Acc: 47.62  Avg Pred Err: 52.38 
669  [5]           TrainErr: 43.75  Avg Balanced Acc: 52.00  Avg Pred Err: 48.00 
670  [2]           TrainErr: 45.00  Avg Balanced Acc: 51.00  Avg Pred Err: 49.00 
671  [4]           TrainErr: 46.41  Avg Balanced Acc: 47.25  Avg Pred Err: 52.75 
672  [1]           TrainErr: 44.22  Avg Balanced Acc: 55.25  Avg Pred Err: 44.75 
673  [8_5]         TrainErr: 41.56  Avg Balanced Acc: 56.25  Avg Pred Err: 43.75 
674  [3_1]         TrainErr: 42.97  Avg Balanced Acc: 50.25  Avg Pred Err: 49.75 
675  [8_6]         TrainErr: 42.19  Avg Balanced Acc: 54.12  Avg Pred Err: 45.88 
676  [10_6]        TrainErr: 42.66  Avg Balanced Acc: 50.12  Avg Pred Err: 49.88 
677  [8]           TrainErr: 45.47  Avg Balanced Acc: 50.00  Avg Pred Err: 50.00 
678  [11_5]        TrainErr: 41.09  Avg Balanced Acc: 49.62  Avg Pred Err: 50.38 
679  [3]           TrainErr: 45.16  Avg Balanced Acc: 47.75  Avg Pred Err: 52.25 
680  [12_9]        TrainErr: 42.50  Avg Balanced Acc: 47.25  Avg Pred Err: 52.75 
681  [5_2]         TrainErr: 41.41  Avg Balanced Acc: 58.25  Avg Pred Err: 41.75 
682  [2]           TrainErr: 44.69  Avg Balanced Acc: 51.75  Avg Pred Err: 48.25 
683  [3]           TrainErr: 45.78  Avg Balanced Acc: 53.62  Avg Pred Err: 46.38 
684  [6_1]         TrainErr: 42.97  Avg Balanced Acc: 49.00  Avg Pred Err: 51.00 
685  [12]          TrainErr: 44.84  Avg Balanced Acc: 52.00  Avg Pred Err: 48.00 
686  [6]           TrainErr: 45.31  Avg Balanced Acc: 48.12  Avg Pred Err: 51.88 
687  [9_7]         TrainErr: 42.66  Avg Balanced Acc: 50.25  Avg Pred Err: 49.75 
688  [6_5]         TrainErr: 42.81  Avg Balanced Acc: 52.50  Avg Pred Err: 47.50 
689  [5]           TrainErr: 45.78  Avg Balanced Acc: 46.62  Avg Pred Err: 53.38 
690  [9_1]         TrainErr: 42.97  Avg Balanced Acc: 48.50  Avg Pred Err: 51.50 
691  [7]           TrainErr: 45.94  Avg Balanced Acc: 50.00  Avg Pred Err: 50.00 
692  [11_1]        TrainErr: 43.91  Avg Balanced Acc: 53.88  Avg Pred Err: 46.12 
693  [8]           TrainErr: 44.22  Avg Balanced Acc: 48.25  Avg Pred Err: 51.75 
694  [12_6]        TrainErr: 43.44  Avg Balanced Acc: 53.00  Avg Pred Err: 47.00 
695  [8_1]         TrainErr: 42.97  Avg Balanced Acc: 51.50  Avg Pred Err: 48.50 
696  [5]           TrainErr: 45.78  Avg Balanced Acc: 49.25  Avg Pred Err: 50.75 
697  [11]          TrainErr: 45.62  Avg Balanced Acc: 51.38  Avg Pred Err: 48.62 
698  [7]           TrainErr: 45.94  Avg Balanced Acc: 47.38  Avg Pred Err: 52.62 
699  [5]           TrainErr: 46.09  Avg Balanced Acc: 49.50  Avg Pred Err: 50.50 
700  [11_8]        TrainErr: 44.69  Avg Balanced Acc: 48.25  Avg Pred Err: 51.75 
701  [1]           TrainErr: 45.31  Avg Balanced Acc: 48.62  Avg Pred Err: 51.38 
702  [1]           TrainErr: 46.41  Avg Balanced Acc: 50.00  Avg Pred Err: 50.00 
703  [12]          TrainErr: 43.44  Avg Balanced Acc: 52.62  Avg Pred Err: 47.38 
704  [12_8]        TrainErr: 43.28  Avg Balanced Acc: 50.88  Avg Pred Err: 49.12 
705  [9]           TrainErr: 43.12  Avg Balanced Acc: 53.25  Avg Pred Err: 46.75 
706  [9]           TrainErr: 45.78  Avg Balanced Acc: 51.75  Avg Pred Err: 48.25 
707  [2_1]         TrainErr: 41.88  Avg Balanced Acc: 51.00  Avg Pred Err: 49.00 
708  [11_8]        TrainErr: 43.59  Avg Balanced Acc: 49.00  Avg Pred Err: 51.00 
709  [9_6]         TrainErr: 43.44  Avg Balanced Acc: 49.88  Avg Pred Err: 50.12 
710  [4]           TrainErr: 45.31  Avg Balanced Acc: 50.25  Avg Pred Err: 49.75 
711  [8]           TrainErr: 45.62  Avg Balanced Acc: 49.25  Avg Pred Err: 50.75 
712  [10]          TrainErr: 45.47  Avg Balanced Acc: 50.75  Avg Pred Err: 49.25 
713  [10]          TrainErr: 43.12  Avg Balanced Acc: 51.75  Avg Pred Err: 48.25 
714  [8_3]         TrainErr: 44.22  Avg Balanced Acc: 51.12  Avg Pred Err: 48.88 
715  [7_2]         TrainErr: 43.75  Avg Balanced Acc: 49.75  Avg Pred Err: 50.25 
716  [7]           TrainErr: 44.69  Avg Balanced Acc: 48.75  Avg Pred Err: 51.25 
717  [5]           TrainErr: 46.56  Avg Balanced Acc: 52.62  Avg Pred Err: 47.38 
718  [3]           TrainErr: 45.31  Avg Balanced Acc: 50.62  Avg Pred Err: 49.38 
719  [3_1]         TrainErr: 44.06  Avg Balanced Acc: 48.12  Avg Pred Err: 51.88 
720  [5]           TrainErr: 46.09  Avg Balanced Acc: 52.62  Avg Pred Err: 47.38 
721  [8_5]         TrainErr: 43.12  Avg Balanced Acc: 48.38  Avg Pred Err: 51.62 
722  [5]           TrainErr: 47.34  Avg Balanced Acc: 49.88  Avg Pred Err: 50.12 
723  [8]           TrainErr: 46.88  Avg Balanced Acc: 50.25  Avg Pred Err: 49.75 
724  [10]          TrainErr: 46.25  Avg Balanced Acc: 50.00  Avg Pred Err: 50.00 
725  [1]           TrainErr: 44.69  Avg Balanced Acc: 50.75  Avg Pred Err: 49.25 
726  [1]           TrainErr: 45.62  Avg Balanced Acc: 47.38  Avg Pred Err: 52.62 
727  [11]          TrainErr: 42.97  Avg Balanced Acc: 55.88  Avg Pred Err: 44.12 
728  [11]          TrainErr: 47.03  Avg Balanced Acc: 48.12  Avg Pred Err: 51.88 
729  [6]           TrainErr: 44.22  Avg Balanced Acc: 54.12  Avg Pred Err: 45.88 
730  [3]           TrainErr: 46.09  Avg Balanced Acc: 50.62  Avg Pred Err: 49.38 
731  [3]           TrainErr: 46.56  Avg Balanced Acc: 50.75  Avg Pred Err: 49.25 
732  [8_6]         TrainErr: 42.34  Avg Balanced Acc: 52.12  Avg Pred Err: 47.88 
733  [10_1]        TrainErr: 41.72  Avg Balanced Acc: 51.62  Avg Pred Err: 48.38 
734  [4]           TrainErr: 45.78  Avg Balanced Acc: 44.00  Avg Pred Err: 56.00 
735  [3]           TrainErr: 46.56  Avg Balanced Acc: 51.62  Avg Pred Err: 48.38 
736  [3_2]         TrainErr: 42.34  Avg Balanced Acc: 48.38  Avg Pred Err: 51.62 
737  [5]           TrainErr: 46.88  Avg Balanced Acc: 52.12  Avg Pred Err: 47.88 
738  [3]           TrainErr: 45.47  Avg Balanced Acc: 51.62  Avg Pred Err: 48.38 
739  [3_1]         TrainErr: 40.62  Avg Balanced Acc: 50.88  Avg Pred Err: 49.12 
740  [3]           TrainErr: 45.47  Avg Balanced Acc: 48.25  Avg Pred Err: 51.75 
741  [10_8]        TrainErr: 42.97  Avg Balanced Acc: 51.12  Avg Pred Err: 48.88 
742  [11_3]        TrainErr: 44.38  Avg Balanced Acc: 47.62  Avg Pred Err: 52.38 
743  [12_9]        TrainErr: 42.34  Avg Balanced Acc: 50.12  Avg Pred Err: 49.88 
744  [6_2]         TrainErr: 43.59  Avg Balanced Acc: 49.50  Avg Pred Err: 50.50 
745  [11]          TrainErr: 45.78  Avg Balanced Acc: 49.75  Avg Pred Err: 50.25 
746  [1]           TrainErr: 46.72  Avg Balanced Acc: 48.00  Avg Pred Err: 52.00 
747  [9]           TrainErr: 45.94  Avg Balanced Acc: 50.25  Avg Pred Err: 49.75 
748  [9]           TrainErr: 45.78  Avg Balanced Acc: 49.75  Avg Pred Err: 50.25 
749  [7]           TrainErr: 45.16  Avg Balanced Acc: 51.00  Avg Pred Err: 49.00 
750  [9_8]         TrainErr: 43.44  Avg Balanced Acc: 55.12  Avg Pred Err: 44.88 
751  [6]           TrainErr: 43.59  Avg Balanced Acc: 51.25  Avg Pred Err: 48.75 
752  [4_2]         TrainErr: 44.06  Avg Balanced Acc: 49.38  Avg Pred Err: 50.62 
753  [8_5]         TrainErr: 43.44  Avg Balanced Acc: 51.75  Avg Pred Err: 48.25 
754  [11_3]        TrainErr: 43.75  Avg Balanced Acc: 49.00  Avg Pred Err: 51.00 
755  [12_2]        TrainErr: 41.41  Avg Balanced Acc: 54.62  Avg Pred Err: 45.38 
756  [7]           TrainErr: 46.56  Avg Balanced Acc: 47.75  Avg Pred Err: 52.25 
757  [1]           TrainErr: 46.41  Avg Balanced Acc: 49.75  Avg Pred Err: 50.25 
758  [7]           TrainErr: 45.94  Avg Balanced Acc: 51.50  Avg Pred Err: 48.50 
759  [8_1]         TrainErr: 43.44  Avg Balanced Acc: 49.88  Avg Pred Err: 50.12 
760  [6]           TrainErr: 45.62  Avg Balanced Acc: 56.00  Avg Pred Err: 44.00 
761  [6_2]         TrainErr: 43.59  Avg Balanced Acc: 49.88  Avg Pred Err: 50.12 
762  [2]           TrainErr: 45.62  Avg Balanced Acc: 53.88  Avg Pred Err: 46.12 
763  [5]           TrainErr: 46.25  Avg Balanced Acc: 49.62  Avg Pred Err: 50.38 
764  [3]           TrainErr: 45.47  Avg Balanced Acc: 53.25  Avg Pred Err: 46.75 
765  [9]           TrainErr: 45.94  Avg Balanced Acc: 49.50  Avg Pred Err: 50.50 
766  [11]          TrainErr: 45.47  Avg Balanced Acc: 52.12  Avg Pred Err: 47.88 
767  [4]           TrainErr: 42.97  Avg Balanced Acc: 55.75  Avg Pred Err: 44.25 
768  [3]           TrainErr: 45.00  Avg Balanced Acc: 51.50  Avg Pred Err: 48.50 
769  [6]           TrainErr: 46.41  Avg Balanced Acc: 50.38  Avg Pred Err: 49.62 
770  [9_5]         TrainErr: 41.41  Avg Balanced Acc: 50.38  Avg Pred Err: 49.62 
771  [11]          TrainErr: 45.00  Avg Balanced Acc: 53.38  Avg Pred Err: 46.62 
772  [10]          TrainErr: 46.25  Avg Balanced Acc: 51.62  Avg Pred Err: 48.38 
773  [2]           TrainErr: 46.72  Avg Balanced Acc: 49.12  Avg Pred Err: 50.88 
774  [12_5]        TrainErr: 42.50  Avg Balanced Acc: 50.38  Avg Pred Err: 49.62 
775  [10_1]        TrainErr: 41.25  Avg Balanced Acc: 53.38  Avg Pred Err: 46.62 
776  [1]           TrainErr: 44.38  Avg Balanced Acc: 55.75  Avg Pred Err: 44.25 
777  [5]           TrainErr: 44.53  Avg Balanced Acc: 55.50  Avg Pred Err: 44.50 
778  [11_5]        TrainErr: 43.12  Avg Balanced Acc: 50.62  Avg Pred Err: 49.38 
779  [11]          TrainErr: 46.41  Avg Balanced Acc: 49.25  Avg Pred Err: 50.75 
780  [8_5]         TrainErr: 42.81  Avg Balanced Acc: 48.25  Avg Pred Err: 51.75 
781  [8_1]         TrainErr: 42.66  Avg Balanced Acc: 54.25  Avg Pred Err: 45.75 
782  [9]           TrainErr: 44.53  Avg Balanced Acc: 47.38  Avg Pred Err: 52.62 
783  [10_8]        TrainErr: 42.66  Avg Balanced Acc: 53.38  Avg Pred Err: 46.62 
784  [2]           TrainErr: 45.47  Avg Balanced Acc: 53.25  Avg Pred Err: 46.75 
785  [11]          TrainErr: 44.06  Avg Balanced Acc: 55.12  Avg Pred Err: 44.88 
786  [11_7]        TrainErr: 43.44  Avg Balanced Acc: 50.88  Avg Pred Err: 49.12 
787  [2]           TrainErr: 45.94  Avg Balanced Acc: 51.25  Avg Pred Err: 48.75 
788  [6]           TrainErr: 46.56  Avg Balanced Acc: 47.62  Avg Pred Err: 52.38 
789  [9]           TrainErr: 44.69  Avg Balanced Acc: 50.38  Avg Pred Err: 49.62 
790  [9_7]         TrainErr: 42.66  Avg Balanced Acc: 55.50  Avg Pred Err: 44.50 
791  [5]           TrainErr: 43.91  Avg Balanced Acc: 49.00  Avg Pred Err: 51.00 
792  [4_3]         TrainErr: 42.97  Avg Balanced Acc: 49.12  Avg Pred Err: 50.88 
793  [6]           TrainErr: 46.25  Avg Balanced Acc: 48.00  Avg Pred Err: 52.00 
794  [5]           TrainErr: 46.72  Avg Balanced Acc: 52.00  Avg Pred Err: 48.00 
795  [2]           TrainErr: 46.25  Avg Balanced Acc: 52.88  Avg Pred Err: 47.12 
796  [5]           TrainErr: 45.78  Avg Balanced Acc: 50.50  Avg Pred Err: 49.50 
797  [3_2]         TrainErr: 42.81  Avg Balanced Acc: 51.00  Avg Pred Err: 49.00 
798  [10]          TrainErr: 45.16  Avg Balanced Acc: 51.50  Avg Pred Err: 48.50 
799  [1]           TrainErr: 45.78  Avg Balanced Acc: 55.00  Avg Pred Err: 45.00 
800  [12]          TrainErr: 45.94  Avg Balanced Acc: 50.00  Avg Pred Err: 50.00 
801  [5]           TrainErr: 45.47  Avg Balanced Acc: 54.50  Avg Pred Err: 45.50 
802  [8_1]         TrainErr: 42.34  Avg Balanced Acc: 52.88  Avg Pred Err: 47.12 
803  [1]           TrainErr: 44.69  Avg Balanced Acc: 51.50  Avg Pred Err: 48.50 
804  [12_1]        TrainErr: 43.12  Avg Balanced Acc: 50.25  Avg Pred Err: 49.75 
805  [6]           TrainErr: 44.38  Avg Balanced Acc: 49.25  Avg Pred Err: 50.75 
806  [12]          TrainErr: 46.56  Avg Balanced Acc: 50.75  Avg Pred Err: 49.25 
807  [3_2]         TrainErr: 43.59  Avg Balanced Acc: 49.88  Avg Pred Err: 50.12 
808  [8_2]         TrainErr: 43.28  Avg Balanced Acc: 49.38  Avg Pred Err: 50.62 
809  [2]           TrainErr: 45.31  Avg Balanced Acc: 49.38  Avg Pred Err: 50.62 
810  [5]           TrainErr: 45.94  Avg Balanced Acc: 49.62  Avg Pred Err: 50.38 
811  [5]           TrainErr: 45.62  Avg Balanced Acc: 47.25  Avg Pred Err: 52.75 
812  [10]          TrainErr: 45.47  Avg Balanced Acc: 47.88  Avg Pred Err: 52.12 
813  [7]           TrainErr: 45.62  Avg Balanced Acc: 51.38  Avg Pred Err: 48.62 
814  [6]           TrainErr: 45.62  Avg Balanced Acc: 51.50  Avg Pred Err: 48.50 
815  [12]          TrainErr: 45.62  Avg Balanced Acc: 50.25  Avg Pred Err: 49.75 
816  [10]          TrainErr: 46.41  Avg Balanced Acc: 48.38  Avg Pred Err: 51.62 
817  [7_4]         TrainErr: 42.81  Avg Balanced Acc: 55.88  Avg Pred Err: 44.12 
818  [11_7]        TrainErr: 43.75  Avg Balanced Acc: 47.62  Avg Pred Err: 52.38 
819  [4]           TrainErr: 45.94  Avg Balanced Acc: 52.50  Avg Pred Err: 47.50 
820  [10]          TrainErr: 44.84  Avg Balanced Acc: 49.00  Avg Pred Err: 51.00 
821  [12_9]        TrainErr: 42.66  Avg Balanced Acc: 53.50  Avg Pred Err: 46.50 
822  [10_6]        TrainErr: 43.59  Avg Balanced Acc: 50.00  Avg Pred Err: 50.00 
823  [5_2]         TrainErr: 42.97  Avg Balanced Acc: 53.50  Avg Pred Err: 46.50 
824  [6]           TrainErr: 45.62  Avg Balanced Acc: 50.75  Avg Pred Err: 49.25 
825  [1]           TrainErr: 46.72  Avg Balanced Acc: 50.37  Avg Pred Err: 49.62 
826  [7]           TrainErr: 46.25  Avg Balanced Acc: 51.25  Avg Pred Err: 48.75 
827  [1]           TrainErr: 45.31  Avg Balanced Acc: 54.75  Avg Pred Err: 45.25 
828  [2]           TrainErr: 46.72  Avg Balanced Acc: 51.50  Avg Pred Err: 48.50 
829  [8_6]         TrainErr: 42.66  Avg Balanced Acc: 52.50  Avg Pred Err: 47.50 
830  [6]           TrainErr: 47.19  Avg Balanced Acc: 49.88  Avg Pred Err: 50.12 
831  [4]           TrainErr: 46.72  Avg Balanced Acc: 48.75  Avg Pred Err: 51.25 
832  [3]           TrainErr: 45.16  Avg Balanced Acc: 53.00  Avg Pred Err: 47.00 
833  [5]           TrainErr: 46.88  Avg Balanced Acc: 50.62  Avg Pred Err: 49.38 
834  [10_8]        TrainErr: 42.50  Avg Balanced Acc: 48.25  Avg Pred Err: 51.75 
835  [4]           TrainErr: 45.31  Avg Balanced Acc: 49.88  Avg Pred Err: 50.12 
836  [8]           TrainErr: 45.94  Avg Balanced Acc: 51.12  Avg Pred Err: 48.88 
837  [7]           TrainErr: 46.41  Avg Balanced Acc: 50.88  Avg Pred Err: 49.12 
838  [7_5]         TrainErr: 40.78  Avg Balanced Acc: 49.12  Avg Pred Err: 50.88 
839  [6_1]         TrainErr: 43.59  Avg Balanced Acc: 50.50  Avg Pred Err: 49.50 
840  [5_4]         TrainErr: 42.97  Avg Balanced Acc: 52.50  Avg Pred Err: 47.50 
841  [7]           TrainErr: 43.75  Avg Balanced Acc: 55.50  Avg Pred Err: 44.50 
842  [4]           TrainErr: 45.00  Avg Balanced Acc: 52.62  Avg Pred Err: 47.38 
843  [11_3]        TrainErr: 41.88  Avg Balanced Acc: 52.50  Avg Pred Err: 47.50 
844  [11_5]        TrainErr: 44.84  Avg Balanced Acc: 52.25  Avg Pred Err: 47.75 
845  [3]           TrainErr: 43.75  Avg Balanced Acc: 53.12  Avg Pred Err: 46.88 
846  [9_2]         TrainErr: 42.81  Avg Balanced Acc: 50.88  Avg Pred Err: 49.12 
847  [4]           TrainErr: 46.88  Avg Balanced Acc: 49.00  Avg Pred Err: 51.00 
848  [6]           TrainErr: 45.78  Avg Balanced Acc: 49.12  Avg Pred Err: 50.88 
849  [5_1]         TrainErr: 40.16  Avg Balanced Acc: 57.38  Avg Pred Err: 42.62 
850  [3]           TrainErr: 46.41  Avg Balanced Acc: 49.50  Avg Pred Err: 50.50 
851  [7]           TrainErr: 46.09  Avg Balanced Acc: 52.62  Avg Pred Err: 47.38 
852  [7]           TrainErr: 46.88  Avg Balanced Acc: 48.62  Avg Pred Err: 51.38 
853  [9_7]         TrainErr: 43.12  Avg Balanced Acc: 49.62  Avg Pred Err: 50.38 
854  [12]          TrainErr: 46.09  Avg Balanced Acc: 47.62  Avg Pred Err: 52.38 
855  [11_1]        TrainErr: 42.97  Avg Balanced Acc: 49.25  Avg Pred Err: 50.75 
856  [7]           TrainErr: 46.09  Avg Balanced Acc: 48.88  Avg Pred Err: 51.12 
857  [4]           TrainErr: 45.78  Avg Balanced Acc: 51.50  Avg Pred Err: 48.50 
858  [4]           TrainErr: 43.75  Avg Balanced Acc: 56.75  Avg Pred Err: 43.25 
859  [8]           TrainErr: 44.22  Avg Balanced Acc: 51.38  Avg Pred Err: 48.62 
860  [12_1]        TrainErr: 40.62  Avg Balanced Acc: 54.25  Avg Pred Err: 45.75 
861  [2]           TrainErr: 45.00  Avg Balanced Acc: 55.38  Avg Pred Err: 44.62 
862  [7]           TrainErr: 44.06  Avg Balanced Acc: 49.12  Avg Pred Err: 50.88 
863  [1]           TrainErr: 45.16  Avg Balanced Acc: 51.00  Avg Pred Err: 49.00 
864  [12_6]        TrainErr: 43.44  Avg Balanced Acc: 52.00  Avg Pred Err: 48.00 
865  [12]          TrainErr: 44.22  Avg Balanced Acc: 51.00  Avg Pred Err: 49.00 
866  [8]           TrainErr: 45.62  Avg Balanced Acc: 50.25  Avg Pred Err: 49.75 
867  [4_2]         TrainErr: 41.88  Avg Balanced Acc: 57.50  Avg Pred Err: 42.50 
868  [12_3]        TrainErr: 44.06  Avg Balanced Acc: 50.25  Avg Pred Err: 49.75 
869  [4]           TrainErr: 45.94  Avg Balanced Acc: 52.88  Avg Pred Err: 47.12 
870  [5]           TrainErr: 46.09  Avg Balanced Acc: 51.25  Avg Pred Err: 48.75 
871  [8]           TrainErr: 44.06  Avg Balanced Acc: 56.00  Avg Pred Err: 44.00 
872  [3]           TrainErr: 45.78  Avg Balanced Acc: 51.38  Avg Pred Err: 48.62 
873  [11_2]        TrainErr: 43.44  Avg Balanced Acc: 48.75  Avg Pred Err: 51.25 
874  [8]           TrainErr: 46.41  Avg Balanced Acc: 49.38  Avg Pred Err: 50.62 
875  [1]           TrainErr: 46.56  Avg Balanced Acc: 52.88  Avg Pred Err: 47.12 
876  [8]           TrainErr: 46.56  Avg Balanced Acc: 50.50  Avg Pred Err: 49.50 
877  [4_3]         TrainErr: 42.50  Avg Balanced Acc: 51.88  Avg Pred Err: 48.12 
878  [10]          TrainErr: 46.09  Avg Balanced Acc: 54.12  Avg Pred Err: 45.88 
879  [12_4]        TrainErr: 43.91  Avg Balanced Acc: 50.88  Avg Pred Err: 49.12 
880  [9_7]         TrainErr: 41.88  Avg Balanced Acc: 54.75  Avg Pred Err: 45.25 
881  [10]          TrainErr: 45.47  Avg Balanced Acc: 47.88  Avg Pred Err: 52.12 
882  [7]           TrainErr: 44.84  Avg Balanced Acc: 50.88  Avg Pred Err: 49.12 
883  [3]           TrainErr: 45.78  Avg Balanced Acc: 50.75  Avg Pred Err: 49.25 
884  [6_3]         TrainErr: 43.44  Avg Balanced Acc: 46.12  Avg Pred Err: 53.88 
885  [5]           TrainErr: 45.94  Avg Balanced Acc: 49.25  Avg Pred Err: 50.75 
886  [6_2]         TrainErr: 42.66  Avg Balanced Acc: 51.62  Avg Pred Err: 48.38 
887  [7]           TrainErr: 46.88  Avg Balanced Acc: 49.62  Avg Pred Err: 50.38 
888  [12]          TrainErr: 47.97  Avg Balanced Acc: 46.00  Avg Pred Err: 54.00 
889  [4]           TrainErr: 45.94  Avg Balanced Acc: 52.12  Avg Pred Err: 47.88 
890  [4]           TrainErr: 45.00  Avg Balanced Acc: 50.75  Avg Pred Err: 49.25 
891  [6]           TrainErr: 47.19  Avg Balanced Acc: 49.38  Avg Pred Err: 50.62 
892  [7_3]         TrainErr: 44.38  Avg Balanced Acc: 47.62  Avg Pred Err: 52.38 
893  [2]           TrainErr: 46.88  Avg Balanced Acc: 47.88  Avg Pred Err: 52.12 
894  [10]          TrainErr: 46.88  Avg Balanced Acc: 46.38  Avg Pred Err: 53.62 
895  [10_4]        TrainErr: 42.81  Avg Balanced Acc: 52.88  Avg Pred Err: 47.12 
896  [3_2]         TrainErr: 43.44  Avg Balanced Acc: 53.38  Avg Pred Err: 46.62 
897  [6]           TrainErr: 44.53  Avg Balanced Acc: 50.88  Avg Pred Err: 49.12 
898  [3_1]         TrainErr: 42.81  Avg Balanced Acc: 47.00  Avg Pred Err: 53.00 
899  [5]           TrainErr: 46.72  Avg Balanced Acc: 47.62  Avg Pred Err: 52.38 
900  [1]           TrainErr: 46.88  Avg Balanced Acc: 52.88  Avg Pred Err: 47.12 
901  [2]           TrainErr: 45.94  Avg Balanced Acc: 51.75  Avg Pred Err: 48.25 
902  [9_1]         TrainErr: 42.81  Avg Balanced Acc: 51.25  Avg Pred Err: 48.75 
903  [9_4]         TrainErr: 43.44  Avg Balanced Acc: 49.75  Avg Pred Err: 50.25 
904  [12_4]        TrainErr: 43.12  Avg Balanced Acc: 47.50  Avg Pred Err: 52.50 
905  [6]           TrainErr: 46.41  Avg Balanced Acc: 45.88  Avg Pred Err: 54.12 
906  [12_9]        TrainErr: 43.12  Avg Balanced Acc: 54.88  Avg Pred Err: 45.12 
907  [11]          TrainErr: 47.03  Avg Balanced Acc: 50.12  Avg Pred Err: 49.88 
908  [9]           TrainErr: 45.47  Avg Balanced Acc: 52.00  Avg Pred Err: 48.00 
909  [12]          TrainErr: 44.69  Avg Balanced Acc: 50.12  Avg Pred Err: 49.88 
910  [9_5]         TrainErr: 42.97  Avg Balanced Acc: 53.62  Avg Pred Err: 46.38 
911  [3]           TrainErr: 45.78  Avg Balanced Acc: 54.50  Avg Pred Err: 45.50 
912  [11_9]        TrainErr: 44.22  Avg Balanced Acc: 50.12  Avg Pred Err: 49.88 
913  [9]           TrainErr: 45.16  Avg Balanced Acc: 54.50  Avg Pred Err: 45.50 
914  [8]           TrainErr: 46.41  Avg Balanced Acc: 49.50  Avg Pred Err: 50.50 
915  [7_6]         TrainErr: 44.22  Avg Balanced Acc: 47.75  Avg Pred Err: 52.25 
916  [7_5]         TrainErr: 43.75  Avg Balanced Acc: 56.12  Avg Pred Err: 43.88 
917  [4]           TrainErr: 47.66  Avg Balanced Acc: 47.88  Avg Pred Err: 52.12 
918  [11_7]        TrainErr: 42.66  Avg Balanced Acc: 50.50  Avg Pred Err: 49.50 
919  [10_5]        TrainErr: 42.50  Avg Balanced Acc: 49.75  Avg Pred Err: 50.25 
920  [9_4]         TrainErr: 43.44  Avg Balanced Acc: 49.50  Avg Pred Err: 50.50 
921  [11_3]        TrainErr: 42.34  Avg Balanced Acc: 51.50  Avg Pred Err: 48.50 
922  [6]           TrainErr: 45.31  Avg Balanced Acc: 50.00  Avg Pred Err: 50.00 
923  [6]           TrainErr: 46.56  Avg Balanced Acc: 49.50  Avg Pred Err: 50.50 
924  [2]           TrainErr: 46.25  Avg Balanced Acc: 48.50  Avg Pred Err: 51.50 
925  [2_1]         TrainErr: 43.59  Avg Balanced Acc: 48.88  Avg Pred Err: 51.12 
926  [4_3]         TrainErr: 42.34  Avg Balanced Acc: 51.75  Avg Pred Err: 48.25 
927  [2]           TrainErr: 45.31  Avg Balanced Acc: 52.00  Avg Pred Err: 48.00 
928  [2]           TrainErr: 45.62  Avg Balanced Acc: 50.12  Avg Pred Err: 49.88 
929  [7]           TrainErr: 45.47  Avg Balanced Acc: 54.25  Avg Pred Err: 45.75 
930  [12_5]        TrainErr: 44.22  Avg Balanced Acc: 46.12  Avg Pred Err: 53.88 
931  [3]           TrainErr: 44.53  Avg Balanced Acc: 47.88  Avg Pred Err: 52.12 
932  [11]          TrainErr: 45.62  Avg Balanced Acc: 54.75  Avg Pred Err: 45.25 
933  [10_9]        TrainErr: 43.28  Avg Balanced Acc: 50.88  Avg Pred Err: 49.12 
934  [10]          TrainErr: 45.94  Avg Balanced Acc: 48.62  Avg Pred Err: 51.38 
935  [8]           TrainErr: 47.03  Avg Balanced Acc: 48.38  Avg Pred Err: 51.62 
936  [5]           TrainErr: 45.31  Avg Balanced Acc: 48.38  Avg Pred Err: 51.62 
937  [10_1]        TrainErr: 42.50  Avg Balanced Acc: 50.25  Avg Pred Err: 49.75 
938  [8_3]         TrainErr: 42.34  Avg Balanced Acc: 51.62  Avg Pred Err: 48.38 
939  [8]           TrainErr: 45.78  Avg Balanced Acc: 49.75  Avg Pred Err: 50.25 
940  [2]           TrainErr: 46.56  Avg Balanced Acc: 48.88  Avg Pred Err: 51.12 
941  [12]          TrainErr: 47.19  Avg Balanced Acc: 48.00  Avg Pred Err: 52.00 
942  [9_6]         TrainErr: 42.81  Avg Balanced Acc: 49.62  Avg Pred Err: 50.38 
943  [10_6]        TrainErr: 41.41  Avg Balanced Acc: 55.50  Avg Pred Err: 44.50 
944  [6_2]         TrainErr: 42.03  Avg Balanced Acc: 49.38  Avg Pred Err: 50.62 
945  [6]           TrainErr: 45.94  Avg Balanced Acc: 48.38  Avg Pred Err: 51.62 
946  [6]           TrainErr: 44.06  Avg Balanced Acc: 47.88  Avg Pred Err: 52.12 
947  [12]          TrainErr: 46.25  Avg Balanced Acc: 50.25  Avg Pred Err: 49.75 
948  [11]          TrainErr: 46.88  Avg Balanced Acc: 50.25  Avg Pred Err: 49.75 
949  [1]           TrainErr: 45.78  Avg Balanced Acc: 50.38  Avg Pred Err: 49.62 
950  [4]           TrainErr: 45.47  Avg Balanced Acc: 47.88  Avg Pred Err: 52.12 
951  [4]           TrainErr: 45.31  Avg Balanced Acc: 50.62  Avg Pred Err: 49.38 
952  [8]           TrainErr: 44.53  Avg Balanced Acc: 53.62  Avg Pred Err: 46.38 
953  [6]           TrainErr: 45.62  Avg Balanced Acc: 47.00  Avg Pred Err: 53.00 
954  [3]           TrainErr: 45.47  Avg Balanced Acc: 48.38  Avg Pred Err: 51.62 
955  [12_9]        TrainErr: 42.50  Avg Balanced Acc: 48.62  Avg Pred Err: 51.38 
956  [11_2]        TrainErr: 42.81  Avg Balanced Acc: 51.50  Avg Pred Err: 48.50 
957  [5]           TrainErr: 46.09  Avg Balanced Acc: 48.38  Avg Pred Err: 51.62 
958  [6_4]         TrainErr: 41.72  Avg Balanced Acc: 50.12  Avg Pred Err: 49.88 
959  [8]           TrainErr: 46.25  Avg Balanced Acc: 51.25  Avg Pred Err: 48.75 
960  [3_1]         TrainErr: 43.75  Avg Balanced Acc: 49.00  Avg Pred Err: 51.00 
961  [7_2]         TrainErr: 42.81  Avg Balanced Acc: 52.38  Avg Pred Err: 47.62 
962  [9_6]         TrainErr: 42.66  Avg Balanced Acc: 49.62  Avg Pred Err: 50.38 
963  [1]           TrainErr: 46.09  Avg Balanced Acc: 49.75  Avg Pred Err: 50.25 
964  [4_3]         TrainErr: 42.81  Avg Balanced Acc: 49.88  Avg Pred Err: 50.12 
965  [5]           TrainErr: 44.22  Avg Balanced Acc: 54.00  Avg Pred Err: 46.00 
966  [11_2]        TrainErr: 43.28  Avg Balanced Acc: 49.38  Avg Pred Err: 50.62 
967  [6]           TrainErr: 45.47  Avg Balanced Acc: 50.38  Avg Pred Err: 49.62 
968  [4]           TrainErr: 45.31  Avg Balanced Acc: 51.62  Avg Pred Err: 48.38 
969  [4_2]         TrainErr: 43.59  Avg Balanced Acc: 50.50  Avg Pred Err: 49.50 
970  [7]           TrainErr: 45.47  Avg Balanced Acc: 48.88  Avg Pred Err: 51.12 
971  [1]           TrainErr: 45.00  Avg Balanced Acc: 55.50  Avg Pred Err: 44.50 
972  [5_4]         TrainErr: 43.28  Avg Balanced Acc: 53.50  Avg Pred Err: 46.50 
973  [2]           TrainErr: 47.19  Avg Balanced Acc: 49.38  Avg Pred Err: 50.62 
974  [1]           TrainErr: 45.47  Avg Balanced Acc: 47.25  Avg Pred Err: 52.75 
975  [5_4]         TrainErr: 43.44  Avg Balanced Acc: 51.00  Avg Pred Err: 49.00 
976  [7]           TrainErr: 46.09  Avg Balanced Acc: 51.00  Avg Pred Err: 49.00 
977  [11]          TrainErr: 46.25  Avg Balanced Acc: 55.00  Avg Pred Err: 45.00 
978  [2]           TrainErr: 46.88  Avg Balanced Acc: 51.50  Avg Pred Err: 48.50 
979  [11_4]        TrainErr: 43.75  Avg Balanced Acc: 46.38  Avg Pred Err: 53.62 
980  [4]           TrainErr: 46.72  Avg Balanced Acc: 48.75  Avg Pred Err: 51.25 
981  [12_5]        TrainErr: 43.12  Avg Balanced Acc: 52.12  Avg Pred Err: 47.88 
982  [7_6]         TrainErr: 42.66  Avg Balanced Acc: 52.75  Avg Pred Err: 47.25 
983  [10_7]        TrainErr: 42.81  Avg Balanced Acc: 51.38  Avg Pred Err: 48.62 
984  [4_1]         TrainErr: 43.28  Avg Balanced Acc: 52.88  Avg Pred Err: 47.12 
985  [6]           TrainErr: 46.25  Avg Balanced Acc: 54.25  Avg Pred Err: 45.75 
986  [8]           TrainErr: 43.59  Avg Balanced Acc: 56.00  Avg Pred Err: 44.00 
987  [4]           TrainErr: 45.31  Avg Balanced Acc: 51.38  Avg Pred Err: 48.62 
988  [10]          TrainErr: 46.72  Avg Balanced Acc: 51.62  Avg Pred Err: 48.38 
989  [7]           TrainErr: 46.25  Avg Balanced Acc: 50.88  Avg Pred Err: 49.12 
990  [6]           TrainErr: 45.78  Avg Balanced Acc: 49.38  Avg Pred Err: 50.62 
991  [4]           TrainErr: 46.56  Avg Balanced Acc: 48.50  Avg Pred Err: 51.50 
992  [9_7]         TrainErr: 43.91  Avg Balanced Acc: 50.38  Avg Pred Err: 49.62 
993  [12_3]        TrainErr: 43.12  Avg Balanced Acc: 51.12  Avg Pred Err: 48.88 
994  [1]           TrainErr: 45.94  Avg Balanced Acc: 51.12  Avg Pred Err: 48.88 
995  [9]           TrainErr: 45.47  Avg Balanced Acc: 51.38  Avg Pred Err: 48.62 
996  [6]           TrainErr: 44.06  Avg Balanced Acc: 50.38  Avg Pred Err: 49.62 
997  [8_5]         TrainErr: 42.81  Avg Balanced Acc: 52.00  Avg Pred Err: 48.00 
998  [1]           TrainErr: 44.53  Avg Balanced Acc: 51.62  Avg Pred Err: 48.38 
999  [5]           TrainErr: 47.03  Avg Balanced Acc: 48.00  Avg Pred Err: 52.00 
1000 [5]           TrainErr: 45.31  Avg Balanced Acc: 49.50  Avg Pred Err: 50.50 
