Fitness used: Balanced Acc

------------------------Subgroup # 1 of 5-------------------------
                                      Balanced Acc
Loci                  Training    Testing   Pred Error 
------------------------------------------------------------------
12                    55.47       49.38     50.63
6                     55.47       45.62     54.38
11                    54.84       48.75     51.25
5                     53.91       53.12     46.88
10                    53.28       51.87     48.12
8                     52.50       42.50     57.50
7                     51.88       49.38     50.63
1                     51.72       44.38     55.62
9                     51.72       48.75     51.25
2                     51.56       45.62     54.38
10 3                  58.44       57.50     42.50
11 9                  57.19       49.38     50.63
12 11                 56.88       48.75     51.25
12 2                  56.88       51.88     48.12
12 4                  56.56       50.63     49.38
10 5                  56.56       58.12     41.88
12 8                  56.56       50.63     49.38
12 10                 56.41       49.37     50.63
12 3                  56.41       47.50     52.50
12 1                  56.41       48.12     51.88

------------------------Subgroup # 2 of 5-------------------------
                                      Balanced Acc
Loci                  Training    Testing   Pred Error 
------------------------------------------------------------------
5                     53.75       53.75     46.25
10                    53.44       51.25     48.75
12                    53.12       58.75     41.25
4                     52.81       45.62     54.38
11                    52.50       57.50     42.50
6                     52.03       59.38     40.62
3                     51.88       47.50     52.50
7                     51.56       50.63     49.38
9                     50.94       52.50     47.50
2                     50.78       46.25     53.75
10 3                  58.91       54.38     45.62
10 5                  56.72       57.50     42.50
5 2                   56.72       50.63     49.38
12 7                  56.09       54.38     45.62
3 1                   56.09       48.12     51.88
11 9                  55.62       55.00     45.00
5 4                   55.62       52.50     47.50
2 1                   55.62       50.00     50.00
12 10                 55.47       50.00     50.00
4 2                   55.47       45.62     54.38

------------------------Subgroup # 3 of 5-------------------------
                                      Balanced Acc
Loci                  Training    Testing   Pred Error 
------------------------------------------------------------------
12                    55.47       49.37     50.63
11                    54.38       50.00     50.00
10                    53.75       50.00     50.00
6                     53.59       53.12     46.88
5                     53.59       54.38     45.62
7                     52.66       46.25     53.75
9                     52.19       47.50     52.50
1                     51.72       43.12     56.88
3                     51.09       50.63     49.38
8                     51.09       48.12     51.88
10 5                  57.81       53.12     46.88
12 2                  57.34       50.00     50.00
10 3                  57.34       58.12     41.88
12 8                  57.19       49.38     50.63
11 7                  57.19       46.88     53.12
12 10                 57.03       49.38     50.63
12 5                  57.03       48.75     51.25
12 1                  56.72       48.75     51.25
9 5                   56.72       46.25     53.75
12 6                  56.56       49.38     50.63

------------------------Subgroup # 4 of 5-------------------------
                                      Balanced Acc
Loci                  Training    Testing   Pred Error 
------------------------------------------------------------------
12                    54.06       55.00     45.00
6                     53.59       53.12     46.88
5                     53.59       54.38     45.62
10                    53.12       52.50     47.50
11                    52.81       56.88     43.12
3                     51.87       45.00     55.00
1                     51.41       44.38     55.62
7                     51.41       41.25     58.75
9                     50.47       47.50     52.50
2                     50.47       46.88     53.12
10 3                  58.75       56.25     43.75
10 5                  56.41       55.00     45.00
12 7                  56.09       50.63     49.38
11 6                  55.62       50.00     50.00
12 5                  55.47       54.38     45.62
12 2                  55.47       57.50     42.50
11 3                  55.47       49.37     50.63
5 3                   55.47       46.25     53.75
12 11                 55.31       54.38     45.62
12 6                  55.16       55.00     45.00

------------------------Subgroup # 5 of 5-------------------------
                                      Balanced Acc
Loci                  Training    Testing   Pred Error 
------------------------------------------------------------------
12                    54.38       53.75     46.25
11                    54.22       50.63     49.38
5                     53.91       53.12     46.88
4                     53.28       43.75     56.25
6                     52.81       56.25     43.75
9                     51.88       48.75     51.25
10                    51.56       50.63     49.38
7                     50.94       49.38     50.63
2                     50.94       48.12     51.88
1                     50.78       48.12     51.88
10 3                  57.97       59.38     40.62
10 5                  57.03       56.25     43.75
12 11                 56.41       53.12     46.88
12 2                  56.41       53.75     46.25
11 8                  56.25       49.37     50.63
5 2                   56.25       51.88     48.12
12 10                 56.09       52.50     47.50
12 7                  56.09       55.62     44.38
12 8                  55.78       55.00     45.00
11 4                  55.78       48.75     51.25


--------------- Best Models for Each Order ------------------------
loci              Avg Pred Balanced Acc  Avg Pred Err TotalMiss CV 
-------------------------------------------------------------------
12                  52.25                47.75        0         4  
10 3                56.12                43.88        0         4  

******* Single Best Model **********
 Model [ 10 3 ]

Permutation p values:
12                  0.252
10 3                0.015
